2025-11-23 10:21:22,012 INFO o.a.j.u.JMeterUtils: Setting Locale to en_US
2025-11-23 10:21:22,031 INFO o.a.j.JMeter: Loading user properties from: /Users/omidmohebbi/workspace-omid/spring-examples/spring-throughput/apache-jmeter-5.6.3/bin/user.properties
2025-11-23 10:21:22,032 INFO o.a.j.JMeter: Loading system properties from: /Users/omidmohebbi/workspace-omid/spring-examples/spring-throughput/apache-jmeter-5.6.3/bin/system.properties
2025-11-23 10:21:22,035 INFO o.a.j.JMeter: Copyright (c) 1998-2024 The Apache Software Foundation
2025-11-23 10:21:22,036 INFO o.a.j.JMeter: Version 5.6.3
2025-11-23 10:21:22,036 INFO o.a.j.JMeter: java.version=21.0.6
2025-11-23 10:21:22,036 INFO o.a.j.JMeter: java.vm.name=OpenJDK 64-Bit Server VM
2025-11-23 10:21:22,036 INFO o.a.j.JMeter: os.name=Mac OS X
2025-11-23 10:21:22,036 INFO o.a.j.JMeter: os.arch=aarch64
2025-11-23 10:21:22,036 INFO o.a.j.JMeter: os.version=26.0.1
2025-11-23 10:21:22,036 INFO o.a.j.JMeter: file.encoding=UTF-8
2025-11-23 10:21:22,036 INFO o.a.j.JMeter: java.awt.headless=null
2025-11-23 10:21:22,036 INFO o.a.j.JMeter: Max memory     =9663676416
2025-11-23 10:21:22,036 INFO o.a.j.JMeter: Available Processors =12
2025-11-23 10:21:22,040 INFO o.a.j.JMeter: Default Locale=English (United States)
2025-11-23 10:21:22,040 INFO o.a.j.JMeter: JMeter  Locale=English (United States)
2025-11-23 10:21:22,040 INFO o.a.j.JMeter: JMeterHome=/Users/omidmohebbi/workspace-omid/spring-examples/spring-throughput/apache-jmeter-5.6.3
2025-11-23 10:21:22,040 INFO o.a.j.JMeter: user.dir  =/Users/omidmohebbi/workspace-omid/spring-examples/spring-throughput
2025-11-23 10:21:22,040 INFO o.a.j.JMeter: PWD       =/Users/omidmohebbi/workspace-omid/spring-examples/spring-throughput
2025-11-23 10:21:22,047 INFO o.a.j.JMeter: IP: 192.168.1.15 Name: Mac.home FullName: mac.home
2025-11-23 10:21:22,054 INFO o.a.j.JMeter: Loaded icon properties from org/apache/jmeter/images/icon.properties
2025-11-23 10:21:22,351 INFO o.a.j.JMeterGuiLauncher: Setting LAF to: com.github.weisj.darklaf.DarkLaf:com.github.weisj.darklaf.theme.DarculaTheme
2025-11-23 10:21:29,054 INFO o.a.j.s.FileServer: Default base='/Users/omidmohebbi/workspace-omid/spring-examples/spring-throughput'
2025-11-23 10:21:29,057 INFO o.a.j.g.a.Load: Loading file: /Users/omidmohebbi/workspace-omid/spring-examples/spring-throughput/jmeter-test/Thread Group.jmx
2025-11-23 10:21:29,057 INFO o.a.j.s.FileServer: Set new base='/Users/omidmohebbi/workspace-omid/spring-examples/spring-throughput/jmeter-test'
2025-11-23 10:21:29,150 INFO o.a.j.s.SaveService: Testplan (JMX) version: 2.2. Testlog (JTL) version: 2.2
2025-11-23 10:21:29,169 INFO o.a.j.s.SaveService: Using SaveService properties version 5.0
2025-11-23 10:21:29,170 INFO o.a.j.s.SaveService: Using SaveService properties file encoding UTF-8
2025-11-23 10:21:29,171 INFO o.a.j.s.SaveService: Loading file: /Users/omidmohebbi/workspace-omid/spring-examples/spring-throughput/jmeter-test/Thread Group.jmx
2025-11-23 10:21:29,187 INFO o.a.j.p.h.s.HTTPSamplerBase: Parser for text/html is org.apache.jmeter.protocol.http.parser.LagartoBasedHtmlParser
2025-11-23 10:21:29,187 INFO o.a.j.p.h.s.HTTPSamplerBase: Parser for application/xhtml+xml is org.apache.jmeter.protocol.http.parser.LagartoBasedHtmlParser
2025-11-23 10:21:29,188 INFO o.a.j.p.h.s.HTTPSamplerBase: Parser for application/xml is org.apache.jmeter.protocol.http.parser.LagartoBasedHtmlParser
2025-11-23 10:21:29,188 INFO o.a.j.p.h.s.HTTPSamplerBase: Parser for text/xml is org.apache.jmeter.protocol.http.parser.LagartoBasedHtmlParser
2025-11-23 10:21:29,188 INFO o.a.j.p.h.s.HTTPSamplerBase: Parser for text/vnd.wap.wml is org.apache.jmeter.protocol.http.parser.RegexpHTMLParser
2025-11-23 10:21:29,188 INFO o.a.j.p.h.s.HTTPSamplerBase: Parser for text/css is org.apache.jmeter.protocol.http.parser.CssParser
2025-11-23 10:21:29,260 INFO o.a.j.s.SampleResult: Note: Sample TimeStamps are START times
2025-11-23 10:21:29,260 INFO o.a.j.s.SampleResult: sampleresult.default.encoding is set to UTF-8
2025-11-23 10:21:29,260 INFO o.a.j.s.SampleResult: sampleresult.useNanoTime=true
2025-11-23 10:21:29,260 INFO o.a.j.s.SampleResult: sampleresult.nanoThreadSleep=5000
2025-11-23 10:21:29,462 INFO o.a.j.s.FileServer: Set new base='/Users/omidmohebbi/workspace-omid/spring-examples/spring-throughput/jmeter-test'
2025-11-23 10:21:50,050 INFO o.a.j.e.StandardJMeterEngine: Running the test!
2025-11-23 10:21:50,051 INFO o.a.j.s.SampleEvent: List of sample_variables: []
2025-11-23 10:21:50,051 INFO o.a.j.s.SampleEvent: List of sample_variables: []
2025-11-23 10:21:50,051 INFO o.a.j.e.u.CompoundVariable: Note: Function class names must contain the string: '.functions.'
2025-11-23 10:21:50,051 INFO o.a.j.e.u.CompoundVariable: Note: Function class names must not contain the string: '.gui.'
2025-11-23 10:21:50,078 INFO o.a.j.g.u.JMeterMenuBar: setRunning(true, *local*)
2025-11-23 10:21:50,104 INFO o.a.j.e.StandardJMeterEngine: Starting ThreadGroup: 1 : use-cpu
2025-11-23 10:21:50,104 INFO o.a.j.e.StandardJMeterEngine: Starting 100 threads for group use-cpu.
2025-11-23 10:21:50,104 INFO o.a.j.e.StandardJMeterEngine: Thread will continue on error
2025-11-23 10:21:50,104 INFO o.a.j.t.ThreadGroup: Starting thread group... number=1 threads=100 ramp-up=1 delayedStart=false
2025-11-23 10:21:50,105 INFO o.a.j.t.JMeterThread: Thread started: use-cpu 1-1
2025-11-23 10:21:50,114 INFO o.a.j.t.ThreadGroup: Started thread group number 1
2025-11-23 10:21:50,114 INFO o.a.j.e.StandardJMeterEngine: All thread groups have been started
2025-11-23 10:21:50,114 INFO o.a.j.p.h.s.HTTPHCAbstractImpl: Local host = Mac.home
2025-11-23 10:21:50,117 INFO o.a.j.t.JMeterThread: Thread started: use-cpu 1-2
2025-11-23 10:21:50,120 INFO o.a.j.p.h.s.HTTPHC4Impl: HTTP request retry count = 0
2025-11-23 10:21:50,127 INFO o.a.j.t.JMeterThread: Thread started: use-cpu 1-3
2025-11-23 10:21:50,139 INFO o.a.j.t.JMeterThread: Thread started: use-cpu 1-4
2025-11-23 10:21:50,147 INFO o.a.j.t.JMeterThread: Thread started: use-cpu 1-5
2025-11-23 10:21:50,159 INFO o.a.j.t.JMeterThread: Thread started: use-cpu 1-6
2025-11-23 10:21:50,169 INFO o.a.j.t.JMeterThread: Thread started: use-cpu 1-7
2025-11-23 10:21:50,179 INFO o.a.j.t.JMeterThread: Thread started: use-cpu 1-8
2025-11-23 10:21:50,189 INFO o.a.j.t.JMeterThread: Thread started: use-cpu 1-9
2025-11-23 10:21:50,199 INFO o.a.j.t.JMeterThread: Thread started: use-cpu 1-10
2025-11-23 10:21:50,205 INFO o.a.j.t.JMeterThread: Thread started: use-cpu 1-11
2025-11-23 10:21:50,219 INFO o.a.j.t.JMeterThread: Thread started: use-cpu 1-12
2025-11-23 10:21:50,227 INFO o.a.j.t.JMeterThread: Thread started: use-cpu 1-13
2025-11-23 10:21:50,235 INFO o.a.j.t.JMeterThread: Thread started: use-cpu 1-14
2025-11-23 10:21:50,245 INFO o.a.j.t.JMeterThread: Thread started: use-cpu 1-15
2025-11-23 10:21:50,256 INFO o.a.j.t.JMeterThread: Thread started: use-cpu 1-16
2025-11-23 10:21:50,256 INFO o.a.j.u.JsseSSLManager: Using default SSL protocol: TLS
2025-11-23 10:21:50,256 INFO o.a.j.u.JsseSSLManager: SSL session context: per-thread
2025-11-23 10:21:50,270 INFO o.a.j.t.JMeterThread: Thread started: use-cpu 1-17
2025-11-23 10:21:50,278 INFO o.a.j.t.JMeterThread: Thread started: use-cpu 1-18
2025-11-23 10:21:50,290 INFO o.a.j.t.JMeterThread: Thread started: use-cpu 1-19
2025-11-23 10:21:50,295 INFO o.a.j.t.JMeterThread: Thread started: use-cpu 1-20
2025-11-23 10:21:50,308 INFO o.a.j.t.JMeterThread: Thread started: use-cpu 1-21
2025-11-23 10:21:50,316 INFO o.a.j.t.JMeterThread: Thread started: use-cpu 1-22
2025-11-23 10:21:50,326 INFO o.a.j.t.JMeterThread: Thread started: use-cpu 1-23
2025-11-23 10:21:50,337 INFO o.a.j.t.JMeterThread: Thread started: use-cpu 1-24
2025-11-23 10:21:50,347 INFO o.a.j.t.JMeterThread: Thread started: use-cpu 1-25
2025-11-23 10:21:50,356 INFO o.a.j.t.JMeterThread: Thread started: use-cpu 1-26
2025-11-23 10:21:50,364 INFO o.a.j.t.JMeterThread: Thread started: use-cpu 1-27
2025-11-23 10:21:50,374 INFO o.a.j.t.JMeterThread: Thread started: use-cpu 1-28
2025-11-23 10:21:50,384 INFO o.a.j.t.JMeterThread: Thread started: use-cpu 1-29
2025-11-23 10:21:50,397 INFO o.a.j.t.JMeterThread: Thread started: use-cpu 1-30
2025-11-23 10:21:50,409 INFO o.a.j.t.JMeterThread: Thread started: use-cpu 1-31
2025-11-23 10:21:50,418 INFO o.a.j.t.JMeterThread: Thread started: use-cpu 1-32
2025-11-23 10:21:50,426 INFO o.a.j.t.JMeterThread: Thread started: use-cpu 1-33
2025-11-23 10:21:50,440 INFO o.a.j.t.JMeterThread: Thread started: use-cpu 1-34
2025-11-23 10:21:50,448 INFO o.a.j.t.JMeterThread: Thread started: use-cpu 1-35
2025-11-23 10:21:50,459 INFO o.a.j.t.JMeterThread: Thread started: use-cpu 1-36
2025-11-23 10:21:50,466 INFO o.a.j.t.JMeterThread: Thread started: use-cpu 1-37
2025-11-23 10:21:50,475 INFO o.a.j.t.JMeterThread: Thread started: use-cpu 1-38
2025-11-23 10:21:50,486 INFO o.a.j.t.JMeterThread: Thread started: use-cpu 1-39
2025-11-23 10:21:50,494 INFO o.a.j.t.JMeterThread: Thread started: use-cpu 1-40
2025-11-23 10:21:50,504 INFO o.a.j.t.JMeterThread: Thread started: use-cpu 1-41
2025-11-23 10:21:50,514 INFO o.a.j.t.JMeterThread: Thread started: use-cpu 1-42
2025-11-23 10:21:50,525 INFO o.a.j.t.JMeterThread: Thread started: use-cpu 1-43
2025-11-23 10:21:50,539 INFO o.a.j.t.JMeterThread: Thread started: use-cpu 1-44
2025-11-23 10:21:50,547 INFO o.a.j.t.JMeterThread: Thread started: use-cpu 1-45
2025-11-23 10:21:50,556 INFO o.a.j.t.JMeterThread: Thread started: use-cpu 1-46
2025-11-23 10:21:50,564 INFO o.a.j.t.JMeterThread: Thread started: use-cpu 1-47
2025-11-23 10:21:50,575 INFO o.a.j.t.JMeterThread: Thread started: use-cpu 1-48
2025-11-23 10:21:50,587 INFO o.a.j.t.JMeterThread: Thread started: use-cpu 1-49
2025-11-23 10:21:50,596 INFO o.a.j.t.JMeterThread: Thread started: use-cpu 1-50
2025-11-23 10:21:50,607 INFO o.a.j.t.JMeterThread: Thread started: use-cpu 1-51
2025-11-23 10:21:50,619 INFO o.a.j.t.JMeterThread: Thread started: use-cpu 1-52
2025-11-23 10:21:50,624 INFO o.a.j.t.JMeterThread: Thread started: use-cpu 1-53
2025-11-23 10:21:50,639 INFO o.a.j.t.JMeterThread: Thread started: use-cpu 1-54
2025-11-23 10:21:50,645 INFO o.a.j.t.JMeterThread: Thread started: use-cpu 1-55
2025-11-23 10:21:50,657 INFO o.a.j.t.JMeterThread: Thread started: use-cpu 1-56
2025-11-23 10:21:50,669 INFO o.a.j.t.JMeterThread: Thread started: use-cpu 1-57
2025-11-23 10:21:50,676 INFO o.a.j.t.JMeterThread: Thread started: use-cpu 1-58
2025-11-23 10:21:50,685 INFO o.a.j.t.JMeterThread: Thread started: use-cpu 1-59
2025-11-23 10:21:50,694 INFO o.a.j.t.JMeterThread: Thread started: use-cpu 1-60
2025-11-23 10:21:50,705 INFO o.a.j.t.JMeterThread: Thread started: use-cpu 1-61
2025-11-23 10:21:50,714 INFO o.a.j.t.JMeterThread: Thread started: use-cpu 1-62
2025-11-23 10:21:50,726 INFO o.a.j.t.JMeterThread: Thread started: use-cpu 1-63
2025-11-23 10:21:50,735 INFO o.a.j.t.JMeterThread: Thread started: use-cpu 1-64
2025-11-23 10:21:50,745 INFO o.a.j.t.JMeterThread: Thread started: use-cpu 1-65
2025-11-23 10:21:50,754 INFO o.a.j.t.JMeterThread: Thread started: use-cpu 1-66
2025-11-23 10:21:50,765 INFO o.a.j.t.JMeterThread: Thread started: use-cpu 1-67
2025-11-23 10:21:50,774 INFO o.a.j.t.JMeterThread: Thread started: use-cpu 1-68
2025-11-23 10:21:50,784 INFO o.a.j.t.JMeterThread: Thread started: use-cpu 1-69
2025-11-23 10:21:50,794 INFO o.a.j.t.JMeterThread: Thread started: use-cpu 1-70
2025-11-23 10:21:50,804 INFO o.a.j.t.JMeterThread: Thread started: use-cpu 1-71
2025-11-23 10:21:50,814 INFO o.a.j.t.JMeterThread: Thread started: use-cpu 1-72
2025-11-23 10:21:50,827 INFO o.a.j.t.JMeterThread: Thread started: use-cpu 1-73
2025-11-23 10:21:50,834 INFO o.a.j.t.JMeterThread: Thread started: use-cpu 1-74
2025-11-23 10:21:50,847 INFO o.a.j.t.JMeterThread: Thread started: use-cpu 1-75
2025-11-23 10:21:50,855 INFO o.a.j.t.JMeterThread: Thread started: use-cpu 1-76
2025-11-23 10:21:50,857 INFO o.a.j.t.JMeterThread: Thread is done: use-cpu 1-11
2025-11-23 10:21:50,857 INFO o.a.j.t.JMeterThread: Thread finished: use-cpu 1-11
2025-11-23 10:21:50,864 INFO o.a.j.t.JMeterThread: Thread started: use-cpu 1-77
2025-11-23 10:21:50,874 INFO o.a.j.t.JMeterThread: Thread is done: use-cpu 1-6
2025-11-23 10:21:50,874 INFO o.a.j.t.JMeterThread: Thread finished: use-cpu 1-6
2025-11-23 10:21:50,875 INFO o.a.j.t.JMeterThread: Thread started: use-cpu 1-78
2025-11-23 10:21:50,877 INFO o.a.j.t.JMeterThread: Thread is done: use-cpu 1-15
2025-11-23 10:21:50,877 INFO o.a.j.t.JMeterThread: Thread finished: use-cpu 1-15
2025-11-23 10:21:50,883 INFO o.a.j.t.JMeterThread: Thread is done: use-cpu 1-2
2025-11-23 10:21:50,883 INFO o.a.j.t.JMeterThread: Thread finished: use-cpu 1-2
2025-11-23 10:21:50,886 INFO o.a.j.t.JMeterThread: Thread started: use-cpu 1-79
2025-11-23 10:21:50,895 INFO o.a.j.t.JMeterThread: Thread started: use-cpu 1-80
2025-11-23 10:21:50,902 INFO o.a.j.t.JMeterThread: Thread is done: use-cpu 1-3
2025-11-23 10:21:50,902 INFO o.a.j.t.JMeterThread: Thread finished: use-cpu 1-3
2025-11-23 10:21:50,906 INFO o.a.j.t.JMeterThread: Thread started: use-cpu 1-81
2025-11-23 10:21:50,916 INFO o.a.j.t.JMeterThread: Thread started: use-cpu 1-82
2025-11-23 10:21:50,928 INFO o.a.j.t.JMeterThread: Thread started: use-cpu 1-83
2025-11-23 10:21:50,939 INFO o.a.j.t.JMeterThread: Thread started: use-cpu 1-84
2025-11-23 10:21:50,944 INFO o.a.j.t.JMeterThread: Thread started: use-cpu 1-85
2025-11-23 10:21:50,959 INFO o.a.j.t.JMeterThread: Thread started: use-cpu 1-86
2025-11-23 10:21:50,965 INFO o.a.j.t.JMeterThread: Thread started: use-cpu 1-87
2025-11-23 10:21:50,976 INFO o.a.j.t.JMeterThread: Thread started: use-cpu 1-88
2025-11-23 10:21:50,985 INFO o.a.j.t.JMeterThread: Thread started: use-cpu 1-89
2025-11-23 10:21:50,995 INFO o.a.j.t.JMeterThread: Thread started: use-cpu 1-90
2025-11-23 10:21:51,005 INFO o.a.j.t.JMeterThread: Thread started: use-cpu 1-91
2025-11-23 10:21:51,012 INFO o.a.j.t.JMeterThread: Thread is done: use-cpu 1-16
2025-11-23 10:21:51,012 INFO o.a.j.t.JMeterThread: Thread finished: use-cpu 1-16
2025-11-23 10:21:51,019 INFO o.a.j.t.JMeterThread: Thread started: use-cpu 1-92
2025-11-23 10:21:51,023 INFO o.a.j.t.JMeterThread: Thread is done: use-cpu 1-10
2025-11-23 10:21:51,023 INFO o.a.j.t.JMeterThread: Thread finished: use-cpu 1-10
2025-11-23 10:21:51,026 INFO o.a.j.t.JMeterThread: Thread started: use-cpu 1-93
2025-11-23 10:21:51,034 INFO o.a.j.t.JMeterThread: Thread started: use-cpu 1-94
2025-11-23 10:21:51,044 INFO o.a.j.t.JMeterThread: Thread started: use-cpu 1-95
2025-11-23 10:21:51,054 INFO o.a.j.t.JMeterThread: Thread started: use-cpu 1-96
2025-11-23 10:21:51,063 INFO o.a.j.t.JMeterThread: Thread is done: use-cpu 1-18
2025-11-23 10:21:51,063 INFO o.a.j.t.JMeterThread: Thread finished: use-cpu 1-18
2025-11-23 10:21:51,065 INFO o.a.j.t.JMeterThread: Thread started: use-cpu 1-97
2025-11-23 10:21:51,076 INFO o.a.j.t.JMeterThread: Thread started: use-cpu 1-98
2025-11-23 10:21:51,084 INFO o.a.j.t.JMeterThread: Thread started: use-cpu 1-99
2025-11-23 10:21:51,086 INFO o.a.j.t.JMeterThread: Thread is done: use-cpu 1-5
2025-11-23 10:21:51,086 INFO o.a.j.t.JMeterThread: Thread finished: use-cpu 1-5
2025-11-23 10:21:51,091 INFO o.a.j.t.JMeterThread: Thread is done: use-cpu 1-19
2025-11-23 10:21:51,091 INFO o.a.j.t.JMeterThread: Thread finished: use-cpu 1-19
2025-11-23 10:21:51,094 INFO o.a.j.t.JMeterThread: Thread started: use-cpu 1-100
2025-11-23 10:21:51,100 INFO o.a.j.t.JMeterThread: Thread is done: use-cpu 1-23
2025-11-23 10:21:51,100 INFO o.a.j.t.JMeterThread: Thread finished: use-cpu 1-23
2025-11-23 10:21:51,116 INFO o.a.j.t.JMeterThread: Thread is done: use-cpu 1-8
2025-11-23 10:21:51,116 INFO o.a.j.t.JMeterThread: Thread finished: use-cpu 1-8
2025-11-23 10:21:51,145 INFO o.a.j.t.JMeterThread: Thread is done: use-cpu 1-9
2025-11-23 10:21:51,146 INFO o.a.j.t.JMeterThread: Thread finished: use-cpu 1-9
2025-11-23 10:21:51,153 INFO o.a.j.t.JMeterThread: Thread is done: use-cpu 1-27
2025-11-23 10:21:51,154 INFO o.a.j.t.JMeterThread: Thread finished: use-cpu 1-27
2025-11-23 10:21:51,183 INFO o.a.j.t.JMeterThread: Thread is done: use-cpu 1-22
2025-11-23 10:21:51,183 INFO o.a.j.t.JMeterThread: Thread finished: use-cpu 1-22
2025-11-23 10:21:51,207 INFO o.a.j.t.JMeterThread: Thread is done: use-cpu 1-1
2025-11-23 10:21:51,207 INFO o.a.j.t.JMeterThread: Thread finished: use-cpu 1-1
2025-11-23 10:21:51,217 INFO o.a.j.t.JMeterThread: Thread is done: use-cpu 1-29
2025-11-23 10:21:51,218 INFO o.a.j.t.JMeterThread: Thread finished: use-cpu 1-29
2025-11-23 10:21:51,233 INFO o.a.j.t.JMeterThread: Thread is done: use-cpu 1-39
2025-11-23 10:21:51,233 INFO o.a.j.t.JMeterThread: Thread finished: use-cpu 1-39
2025-11-23 10:21:51,240 INFO o.a.j.t.JMeterThread: Thread is done: use-cpu 1-21
2025-11-23 10:21:51,240 INFO o.a.j.t.JMeterThread: Thread finished: use-cpu 1-21
2025-11-23 10:21:51,247 INFO o.a.j.t.JMeterThread: Thread is done: use-cpu 1-14
2025-11-23 10:21:51,247 INFO o.a.j.t.JMeterThread: Thread finished: use-cpu 1-14
2025-11-23 10:21:51,257 INFO o.a.j.t.JMeterThread: Thread is done: use-cpu 1-13
2025-11-23 10:21:51,257 INFO o.a.j.t.JMeterThread: Thread finished: use-cpu 1-13
2025-11-23 10:21:51,263 INFO o.a.j.t.JMeterThread: Thread is done: use-cpu 1-28
2025-11-23 10:21:51,263 INFO o.a.j.t.JMeterThread: Thread finished: use-cpu 1-28
2025-11-23 10:21:51,274 INFO o.a.j.t.JMeterThread: Thread is done: use-cpu 1-42
2025-11-23 10:21:51,274 INFO o.a.j.t.JMeterThread: Thread finished: use-cpu 1-42
2025-11-23 10:21:51,340 INFO o.a.j.t.JMeterThread: Thread is done: use-cpu 1-7
2025-11-23 10:21:51,340 INFO o.a.j.t.JMeterThread: Thread finished: use-cpu 1-7
2025-11-23 10:21:51,341 INFO o.a.j.t.JMeterThread: Thread is done: use-cpu 1-31
2025-11-23 10:21:51,341 INFO o.a.j.t.JMeterThread: Thread finished: use-cpu 1-31
2025-11-23 10:21:51,341 INFO o.a.j.t.JMeterThread: Thread is done: use-cpu 1-12
2025-11-23 10:21:51,342 INFO o.a.j.t.JMeterThread: Thread finished: use-cpu 1-12
2025-11-23 10:21:51,357 INFO o.a.j.t.JMeterThread: Thread is done: use-cpu 1-35
2025-11-23 10:21:51,357 INFO o.a.j.t.JMeterThread: Thread finished: use-cpu 1-35
2025-11-23 10:21:51,359 INFO o.a.j.t.JMeterThread: Thread is done: use-cpu 1-26
2025-11-23 10:21:51,360 INFO o.a.j.t.JMeterThread: Thread finished: use-cpu 1-26
2025-11-23 10:21:51,369 INFO o.a.j.t.JMeterThread: Thread is done: use-cpu 1-30
2025-11-23 10:21:51,369 INFO o.a.j.t.JMeterThread: Thread finished: use-cpu 1-30
2025-11-23 10:21:51,375 INFO o.a.j.t.JMeterThread: Thread is done: use-cpu 1-33
2025-11-23 10:21:51,376 INFO o.a.j.t.JMeterThread: Thread finished: use-cpu 1-33
2025-11-23 10:21:51,413 INFO o.a.j.t.JMeterThread: Thread is done: use-cpu 1-25
2025-11-23 10:21:51,413 INFO o.a.j.t.JMeterThread: Thread finished: use-cpu 1-25
2025-11-23 10:21:51,416 INFO o.a.j.t.JMeterThread: Thread is done: use-cpu 1-17
2025-11-23 10:21:51,416 INFO o.a.j.t.JMeterThread: Thread is done: use-cpu 1-32
2025-11-23 10:21:51,416 INFO o.a.j.t.JMeterThread: Thread finished: use-cpu 1-17
2025-11-23 10:21:51,416 INFO o.a.j.t.JMeterThread: Thread finished: use-cpu 1-32
2025-11-23 10:21:51,418 INFO o.a.j.t.JMeterThread: Thread is done: use-cpu 1-58
2025-11-23 10:21:51,419 INFO o.a.j.t.JMeterThread: Thread finished: use-cpu 1-58
2025-11-23 10:21:51,424 INFO o.a.j.t.JMeterThread: Thread is done: use-cpu 1-49
2025-11-23 10:21:51,424 INFO o.a.j.t.JMeterThread: Thread finished: use-cpu 1-49
2025-11-23 10:21:51,440 INFO o.a.j.t.JMeterThread: Thread is done: use-cpu 1-4
2025-11-23 10:21:51,441 INFO o.a.j.t.JMeterThread: Thread finished: use-cpu 1-4
2025-11-23 10:21:51,469 INFO o.a.j.t.JMeterThread: Thread is done: use-cpu 1-37
2025-11-23 10:21:51,469 INFO o.a.j.t.JMeterThread: Thread finished: use-cpu 1-37
2025-11-23 10:21:51,472 INFO o.a.j.t.JMeterThread: Thread is done: use-cpu 1-34
2025-11-23 10:21:51,472 INFO o.a.j.t.JMeterThread: Thread finished: use-cpu 1-34
2025-11-23 10:21:51,473 INFO o.a.j.t.JMeterThread: Thread is done: use-cpu 1-51
2025-11-23 10:21:51,473 INFO o.a.j.t.JMeterThread: Thread finished: use-cpu 1-51
2025-11-23 10:21:51,491 INFO o.a.j.t.JMeterThread: Thread is done: use-cpu 1-52
2025-11-23 10:21:51,491 INFO o.a.j.t.JMeterThread: Thread finished: use-cpu 1-52
2025-11-23 10:21:51,491 INFO o.a.j.t.JMeterThread: Thread is done: use-cpu 1-45
2025-11-23 10:21:51,492 INFO o.a.j.t.JMeterThread: Thread finished: use-cpu 1-45
2025-11-23 10:21:51,493 INFO o.a.j.t.JMeterThread: Thread is done: use-cpu 1-20
2025-11-23 10:21:51,494 INFO o.a.j.t.JMeterThread: Thread finished: use-cpu 1-20
2025-11-23 10:21:51,505 INFO o.a.j.t.JMeterThread: Thread is done: use-cpu 1-36
2025-11-23 10:21:51,505 INFO o.a.j.t.JMeterThread: Thread finished: use-cpu 1-36
2025-11-23 10:21:51,545 INFO o.a.j.t.JMeterThread: Thread is done: use-cpu 1-41
2025-11-23 10:21:51,546 INFO o.a.j.t.JMeterThread: Thread finished: use-cpu 1-41
2025-11-23 10:21:51,549 INFO o.a.j.t.JMeterThread: Thread is done: use-cpu 1-53
2025-11-23 10:21:51,549 INFO o.a.j.t.JMeterThread: Thread finished: use-cpu 1-53
2025-11-23 10:21:51,553 INFO o.a.j.t.JMeterThread: Thread is done: use-cpu 1-56
2025-11-23 10:21:51,553 INFO o.a.j.t.JMeterThread: Thread finished: use-cpu 1-56
2025-11-23 10:21:51,560 INFO o.a.j.t.JMeterThread: Thread is done: use-cpu 1-24
2025-11-23 10:21:51,560 INFO o.a.j.t.JMeterThread: Thread finished: use-cpu 1-24
2025-11-23 10:21:51,561 INFO o.a.j.t.JMeterThread: Thread is done: use-cpu 1-43
2025-11-23 10:21:51,561 INFO o.a.j.t.JMeterThread: Thread finished: use-cpu 1-43
2025-11-23 10:21:51,563 INFO o.a.j.t.JMeterThread: Thread is done: use-cpu 1-46
2025-11-23 10:21:51,563 INFO o.a.j.t.JMeterThread: Thread finished: use-cpu 1-46
2025-11-23 10:21:51,566 INFO o.a.j.t.JMeterThread: Thread is done: use-cpu 1-47
2025-11-23 10:21:51,566 INFO o.a.j.t.JMeterThread: Thread finished: use-cpu 1-47
2025-11-23 10:21:51,569 INFO o.a.j.t.JMeterThread: Thread is done: use-cpu 1-38
2025-11-23 10:21:51,569 INFO o.a.j.t.JMeterThread: Thread finished: use-cpu 1-38
2025-11-23 10:21:51,581 INFO o.a.j.t.JMeterThread: Thread is done: use-cpu 1-64
2025-11-23 10:21:51,581 INFO o.a.j.t.JMeterThread: Thread finished: use-cpu 1-64
2025-11-23 10:21:51,583 INFO o.a.j.t.JMeterThread: Thread is done: use-cpu 1-63
2025-11-23 10:21:51,583 INFO o.a.j.t.JMeterThread: Thread finished: use-cpu 1-63
2025-11-23 10:21:51,606 INFO o.a.j.t.JMeterThread: Thread is done: use-cpu 1-81
2025-11-23 10:21:51,606 INFO o.a.j.t.JMeterThread: Thread is done: use-cpu 1-40
2025-11-23 10:21:51,606 INFO o.a.j.t.JMeterThread: Thread finished: use-cpu 1-81
2025-11-23 10:21:51,606 INFO o.a.j.t.JMeterThread: Thread finished: use-cpu 1-40
2025-11-23 10:21:51,609 INFO o.a.j.t.JMeterThread: Thread is done: use-cpu 1-50
2025-11-23 10:21:51,609 INFO o.a.j.t.JMeterThread: Thread finished: use-cpu 1-50
2025-11-23 10:21:51,618 INFO o.a.j.t.JMeterThread: Thread is done: use-cpu 1-71
2025-11-23 10:21:51,618 INFO o.a.j.t.JMeterThread: Thread finished: use-cpu 1-71
2025-11-23 10:21:51,619 INFO o.a.j.t.JMeterThread: Thread is done: use-cpu 1-61
2025-11-23 10:21:51,620 INFO o.a.j.t.JMeterThread: Thread finished: use-cpu 1-61
2025-11-23 10:21:51,625 INFO o.a.j.t.JMeterThread: Thread is done: use-cpu 1-54
2025-11-23 10:21:51,625 INFO o.a.j.t.JMeterThread: Thread finished: use-cpu 1-54
2025-11-23 10:21:51,631 INFO o.a.j.t.JMeterThread: Thread is done: use-cpu 1-48
2025-11-23 10:21:51,631 INFO o.a.j.t.JMeterThread: Thread finished: use-cpu 1-48
2025-11-23 10:21:51,636 INFO o.a.j.t.JMeterThread: Thread is done: use-cpu 1-55
2025-11-23 10:21:51,636 INFO o.a.j.t.JMeterThread: Thread finished: use-cpu 1-55
2025-11-23 10:21:51,640 INFO o.a.j.t.JMeterThread: Thread is done: use-cpu 1-60
2025-11-23 10:21:51,640 INFO o.a.j.t.JMeterThread: Thread finished: use-cpu 1-60
2025-11-23 10:21:51,644 INFO o.a.j.t.JMeterThread: Thread is done: use-cpu 1-69
2025-11-23 10:21:51,644 INFO o.a.j.t.JMeterThread: Thread finished: use-cpu 1-69
2025-11-23 10:21:51,653 INFO o.a.j.t.JMeterThread: Thread is done: use-cpu 1-44
2025-11-23 10:21:51,653 INFO o.a.j.t.JMeterThread: Thread finished: use-cpu 1-44
2025-11-23 10:21:51,659 INFO o.a.j.t.JMeterThread: Thread is done: use-cpu 1-70
2025-11-23 10:21:51,659 INFO o.a.j.t.JMeterThread: Thread finished: use-cpu 1-70
2025-11-23 10:21:51,662 INFO o.a.j.t.JMeterThread: Thread is done: use-cpu 1-57
2025-11-23 10:21:51,662 INFO o.a.j.t.JMeterThread: Thread finished: use-cpu 1-57
2025-11-23 10:21:51,664 INFO o.a.j.t.JMeterThread: Thread is done: use-cpu 1-79
2025-11-23 10:21:51,664 INFO o.a.j.t.JMeterThread: Thread finished: use-cpu 1-79
2025-11-23 10:21:51,665 INFO o.a.j.t.JMeterThread: Thread is done: use-cpu 1-83
2025-11-23 10:21:51,665 INFO o.a.j.t.JMeterThread: Thread finished: use-cpu 1-83
2025-11-23 10:21:51,669 INFO o.a.j.t.JMeterThread: Thread is done: use-cpu 1-75
2025-11-23 10:21:51,669 INFO o.a.j.t.JMeterThread: Thread finished: use-cpu 1-75
2025-11-23 10:21:51,681 INFO o.a.j.t.JMeterThread: Thread is done: use-cpu 1-73
2025-11-23 10:21:51,681 INFO o.a.j.t.JMeterThread: Thread finished: use-cpu 1-73
2025-11-23 10:21:51,682 INFO o.a.j.t.JMeterThread: Thread is done: use-cpu 1-82
2025-11-23 10:21:51,682 INFO o.a.j.t.JMeterThread: Thread finished: use-cpu 1-82
2025-11-23 10:21:51,682 INFO o.a.j.t.JMeterThread: Thread is done: use-cpu 1-62
2025-11-23 10:21:51,682 INFO o.a.j.t.JMeterThread: Thread finished: use-cpu 1-62
2025-11-23 10:21:51,687 INFO o.a.j.t.JMeterThread: Thread is done: use-cpu 1-67
2025-11-23 10:21:51,687 INFO o.a.j.t.JMeterThread: Thread finished: use-cpu 1-67
2025-11-23 10:21:51,689 INFO o.a.j.t.JMeterThread: Thread is done: use-cpu 1-72
2025-11-23 10:21:51,689 INFO o.a.j.t.JMeterThread: Thread finished: use-cpu 1-72
2025-11-23 10:21:51,689 INFO o.a.j.t.JMeterThread: Thread is done: use-cpu 1-66
2025-11-23 10:21:51,690 INFO o.a.j.t.JMeterThread: Thread finished: use-cpu 1-66
2025-11-23 10:21:51,690 INFO o.a.j.t.JMeterThread: Thread is done: use-cpu 1-68
2025-11-23 10:21:51,690 INFO o.a.j.t.JMeterThread: Thread finished: use-cpu 1-68
2025-11-23 10:21:51,691 INFO o.a.j.t.JMeterThread: Thread is done: use-cpu 1-78
2025-11-23 10:21:51,691 INFO o.a.j.t.JMeterThread: Thread finished: use-cpu 1-78
2025-11-23 10:21:51,692 INFO o.a.j.t.JMeterThread: Thread is done: use-cpu 1-84
2025-11-23 10:21:51,692 INFO o.a.j.t.JMeterThread: Thread finished: use-cpu 1-84
2025-11-23 10:21:51,692 INFO o.a.j.t.JMeterThread: Thread is done: use-cpu 1-59
2025-11-23 10:21:51,693 INFO o.a.j.t.JMeterThread: Thread finished: use-cpu 1-59
2025-11-23 10:21:51,693 INFO o.a.j.t.JMeterThread: Thread is done: use-cpu 1-74
2025-11-23 10:21:51,693 INFO o.a.j.t.JMeterThread: Thread finished: use-cpu 1-74
2025-11-23 10:21:51,695 INFO o.a.j.t.JMeterThread: Thread is done: use-cpu 1-65
2025-11-23 10:21:51,695 INFO o.a.j.t.JMeterThread: Thread finished: use-cpu 1-65
2025-11-23 10:21:51,700 INFO o.a.j.t.JMeterThread: Thread is done: use-cpu 1-100
2025-11-23 10:21:51,700 INFO o.a.j.t.JMeterThread: Thread finished: use-cpu 1-100
2025-11-23 10:21:51,701 INFO o.a.j.t.JMeterThread: Thread is done: use-cpu 1-85
2025-11-23 10:21:51,701 INFO o.a.j.t.JMeterThread: Thread is done: use-cpu 1-77
2025-11-23 10:21:51,701 INFO o.a.j.t.JMeterThread: Thread finished: use-cpu 1-77
2025-11-23 10:21:51,701 INFO o.a.j.t.JMeterThread: Thread finished: use-cpu 1-85
2025-11-23 10:21:51,712 INFO o.a.j.t.JMeterThread: Thread is done: use-cpu 1-96
2025-11-23 10:21:51,712 INFO o.a.j.t.JMeterThread: Thread finished: use-cpu 1-96
2025-11-23 10:21:51,713 INFO o.a.j.t.JMeterThread: Thread is done: use-cpu 1-89
2025-11-23 10:21:51,714 INFO o.a.j.t.JMeterThread: Thread finished: use-cpu 1-89
2025-11-23 10:21:51,714 INFO o.a.j.t.JMeterThread: Thread is done: use-cpu 1-76
2025-11-23 10:21:51,714 INFO o.a.j.t.JMeterThread: Thread finished: use-cpu 1-76
2025-11-23 10:21:51,716 INFO o.a.j.t.JMeterThread: Thread is done: use-cpu 1-90
2025-11-23 10:21:51,716 INFO o.a.j.t.JMeterThread: Thread finished: use-cpu 1-90
2025-11-23 10:21:51,716 INFO o.a.j.t.JMeterThread: Thread is done: use-cpu 1-88
2025-11-23 10:21:51,717 INFO o.a.j.t.JMeterThread: Thread finished: use-cpu 1-88
2025-11-23 10:21:51,718 INFO o.a.j.t.JMeterThread: Thread is done: use-cpu 1-80
2025-11-23 10:21:51,718 INFO o.a.j.t.JMeterThread: Thread finished: use-cpu 1-80
2025-11-23 10:21:51,720 INFO o.a.j.t.JMeterThread: Thread is done: use-cpu 1-95
2025-11-23 10:21:51,720 INFO o.a.j.t.JMeterThread: Thread is done: use-cpu 1-94
2025-11-23 10:21:51,720 INFO o.a.j.t.JMeterThread: Thread finished: use-cpu 1-95
2025-11-23 10:21:51,720 INFO o.a.j.t.JMeterThread: Thread finished: use-cpu 1-94
2025-11-23 10:21:51,720 INFO o.a.j.t.JMeterThread: Thread is done: use-cpu 1-92
2025-11-23 10:21:51,720 INFO o.a.j.t.JMeterThread: Thread finished: use-cpu 1-92
2025-11-23 10:21:51,721 INFO o.a.j.t.JMeterThread: Thread is done: use-cpu 1-86
2025-11-23 10:21:51,721 INFO o.a.j.t.JMeterThread: Thread finished: use-cpu 1-86
2025-11-23 10:21:51,721 INFO o.a.j.t.JMeterThread: Thread is done: use-cpu 1-91
2025-11-23 10:21:51,721 INFO o.a.j.t.JMeterThread: Thread finished: use-cpu 1-91
2025-11-23 10:21:51,723 INFO o.a.j.t.JMeterThread: Thread is done: use-cpu 1-99
2025-11-23 10:21:51,723 INFO o.a.j.t.JMeterThread: Thread is done: use-cpu 1-87
2025-11-23 10:21:51,723 INFO o.a.j.t.JMeterThread: Thread finished: use-cpu 1-99
2025-11-23 10:21:51,723 INFO o.a.j.t.JMeterThread: Thread finished: use-cpu 1-87
2025-11-23 10:21:51,730 INFO o.a.j.t.JMeterThread: Thread is done: use-cpu 1-97
2025-11-23 10:21:51,730 INFO o.a.j.t.JMeterThread: Thread finished: use-cpu 1-97
2025-11-23 10:21:51,732 INFO o.a.j.t.JMeterThread: Thread is done: use-cpu 1-93
2025-11-23 10:21:51,732 INFO o.a.j.t.JMeterThread: Thread is done: use-cpu 1-98
2025-11-23 10:21:51,732 INFO o.a.j.t.JMeterThread: Thread finished: use-cpu 1-93
2025-11-23 10:21:51,732 INFO o.a.j.t.JMeterThread: Thread finished: use-cpu 1-98
2025-11-23 10:21:51,733 INFO o.a.j.e.StandardJMeterEngine: Notifying test listeners of end of test
2025-11-23 10:21:51,733 INFO o.a.j.g.u.JMeterMenuBar: setRunning(false, *local*)
2025-11-23 10:22:20,214 INFO o.a.j.e.StandardJMeterEngine: Running the test!
2025-11-23 10:22:20,215 INFO o.a.j.s.SampleEvent: List of sample_variables: []
2025-11-23 10:22:20,216 INFO o.a.j.g.u.JMeterMenuBar: setRunning(true, *local*)
2025-11-23 10:22:20,275 INFO o.a.j.e.StandardJMeterEngine: Starting ThreadGroup: 1 : use-cpu
2025-11-23 10:22:20,275 INFO o.a.j.e.StandardJMeterEngine: Starting 100 threads for group use-cpu.
2025-11-23 10:22:20,275 INFO o.a.j.e.StandardJMeterEngine: Thread will continue on error
2025-11-23 10:22:20,275 INFO o.a.j.t.ThreadGroup: Starting thread group... number=1 threads=100 ramp-up=1 delayedStart=false
2025-11-23 10:22:20,277 INFO o.a.j.t.JMeterThread: Thread started: use-cpu 1-1
2025-11-23 10:22:20,284 INFO o.a.j.t.ThreadGroup: Started thread group number 1
2025-11-23 10:22:20,284 INFO o.a.j.e.StandardJMeterEngine: All thread groups have been started
2025-11-23 10:22:20,288 INFO o.a.j.t.JMeterThread: Thread started: use-cpu 1-2
2025-11-23 10:22:20,301 INFO o.a.j.t.JMeterThread: Thread started: use-cpu 1-3
2025-11-23 10:22:20,310 INFO o.a.j.t.JMeterThread: Thread started: use-cpu 1-4
2025-11-23 10:22:20,316 INFO o.a.j.t.JMeterThread: Thread started: use-cpu 1-5
2025-11-23 10:22:20,329 INFO o.a.j.t.JMeterThread: Thread started: use-cpu 1-6
2025-11-23 10:22:20,336 INFO o.a.j.t.JMeterThread: Thread started: use-cpu 1-7
2025-11-23 10:22:20,346 INFO o.a.j.t.JMeterThread: Thread started: use-cpu 1-8
2025-11-23 10:22:20,356 INFO o.a.j.t.JMeterThread: Thread started: use-cpu 1-9
2025-11-23 10:22:20,367 INFO o.a.j.t.JMeterThread: Thread started: use-cpu 1-10
2025-11-23 10:22:20,376 INFO o.a.j.t.JMeterThread: Thread started: use-cpu 1-11
2025-11-23 10:22:20,388 INFO o.a.j.t.JMeterThread: Thread started: use-cpu 1-12
2025-11-23 10:22:20,395 INFO o.a.j.t.JMeterThread: Thread started: use-cpu 1-13
2025-11-23 10:22:20,408 INFO o.a.j.t.JMeterThread: Thread started: use-cpu 1-14
2025-11-23 10:22:20,418 INFO o.a.j.t.JMeterThread: Thread started: use-cpu 1-15
2025-11-23 10:22:20,426 INFO o.a.j.t.JMeterThread: Thread started: use-cpu 1-16
2025-11-23 10:22:20,435 INFO o.a.j.t.JMeterThread: Thread started: use-cpu 1-17
2025-11-23 10:22:20,446 INFO o.a.j.t.JMeterThread: Thread started: use-cpu 1-18
2025-11-23 10:22:20,457 INFO o.a.j.t.JMeterThread: Thread started: use-cpu 1-19
2025-11-23 10:22:20,467 INFO o.a.j.t.JMeterThread: Thread started: use-cpu 1-20
2025-11-23 10:22:20,476 INFO o.a.j.t.JMeterThread: Thread started: use-cpu 1-21
2025-11-23 10:22:20,487 INFO o.a.j.t.JMeterThread: Thread started: use-cpu 1-22
2025-11-23 10:22:20,495 INFO o.a.j.t.JMeterThread: Thread started: use-cpu 1-23
2025-11-23 10:22:20,506 INFO o.a.j.t.JMeterThread: Thread started: use-cpu 1-24
2025-11-23 10:22:20,516 INFO o.a.j.t.JMeterThread: Thread started: use-cpu 1-25
2025-11-23 10:22:20,526 INFO o.a.j.t.JMeterThread: Thread started: use-cpu 1-26
2025-11-23 10:22:20,538 INFO o.a.j.t.JMeterThread: Thread started: use-cpu 1-27
2025-11-23 10:22:20,548 INFO o.a.j.t.JMeterThread: Thread started: use-cpu 1-28
2025-11-23 10:22:20,556 INFO o.a.j.t.JMeterThread: Thread started: use-cpu 1-29
2025-11-23 10:22:20,566 INFO o.a.j.t.JMeterThread: Thread started: use-cpu 1-30
2025-11-23 10:22:20,576 INFO o.a.j.t.JMeterThread: Thread started: use-cpu 1-31
2025-11-23 10:22:20,586 INFO o.a.j.t.JMeterThread: Thread started: use-cpu 1-32
2025-11-23 10:22:20,596 INFO o.a.j.t.JMeterThread: Thread started: use-cpu 1-33
2025-11-23 10:22:20,606 INFO o.a.j.t.JMeterThread: Thread started: use-cpu 1-34
2025-11-23 10:22:20,616 INFO o.a.j.t.JMeterThread: Thread started: use-cpu 1-35
2025-11-23 10:22:20,626 INFO o.a.j.t.JMeterThread: Thread started: use-cpu 1-36
2025-11-23 10:22:20,638 INFO o.a.j.t.JMeterThread: Thread started: use-cpu 1-37
2025-11-23 10:22:20,645 INFO o.a.j.t.JMeterThread: Thread started: use-cpu 1-38
2025-11-23 10:22:20,659 INFO o.a.j.t.JMeterThread: Thread started: use-cpu 1-39
2025-11-23 10:22:20,666 INFO o.a.j.t.JMeterThread: Thread started: use-cpu 1-40
2025-11-23 10:22:20,680 INFO o.a.j.t.JMeterThread: Thread started: use-cpu 1-41
2025-11-23 10:22:20,690 INFO o.a.j.t.JMeterThread: Thread started: use-cpu 1-42
2025-11-23 10:22:20,698 INFO o.a.j.t.JMeterThread: Thread started: use-cpu 1-43
2025-11-23 10:22:20,707 INFO o.a.j.t.JMeterThread: Thread started: use-cpu 1-44
2025-11-23 10:22:20,717 INFO o.a.j.t.JMeterThread: Thread started: use-cpu 1-45
2025-11-23 10:22:20,726 INFO o.a.j.t.JMeterThread: Thread started: use-cpu 1-46
2025-11-23 10:22:20,736 INFO o.a.j.t.JMeterThread: Thread started: use-cpu 1-47
2025-11-23 10:22:20,748 INFO o.a.j.t.JMeterThread: Thread started: use-cpu 1-48
2025-11-23 10:22:20,756 INFO o.a.j.t.JMeterThread: Thread started: use-cpu 1-49
2025-11-23 10:22:20,768 INFO o.a.j.t.JMeterThread: Thread started: use-cpu 1-50
2025-11-23 10:22:20,775 INFO o.a.j.t.JMeterThread: Thread started: use-cpu 1-51
2025-11-23 10:22:20,785 INFO o.a.j.t.JMeterThread: Thread started: use-cpu 1-52
2025-11-23 10:22:20,797 INFO o.a.j.t.JMeterThread: Thread started: use-cpu 1-53
2025-11-23 10:22:20,806 INFO o.a.j.t.JMeterThread: Thread started: use-cpu 1-54
2025-11-23 10:22:20,816 INFO o.a.j.t.JMeterThread: Thread started: use-cpu 1-55
2025-11-23 10:22:20,827 INFO o.a.j.t.JMeterThread: Thread started: use-cpu 1-56
2025-11-23 10:22:20,836 INFO o.a.j.t.JMeterThread: Thread started: use-cpu 1-57
2025-11-23 10:22:20,846 INFO o.a.j.t.JMeterThread: Thread started: use-cpu 1-58
2025-11-23 10:22:20,861 INFO o.a.j.t.JMeterThread: Thread started: use-cpu 1-59
2025-11-23 10:22:20,866 INFO o.a.j.t.JMeterThread: Thread started: use-cpu 1-60
2025-11-23 10:22:20,875 INFO o.a.j.t.JMeterThread: Thread started: use-cpu 1-61
2025-11-23 10:22:20,885 INFO o.a.j.t.JMeterThread: Thread started: use-cpu 1-62
2025-11-23 10:22:20,895 INFO o.a.j.t.JMeterThread: Thread started: use-cpu 1-63
2025-11-23 10:22:20,906 INFO o.a.j.t.JMeterThread: Thread started: use-cpu 1-64
2025-11-23 10:22:20,916 INFO o.a.j.t.JMeterThread: Thread started: use-cpu 1-65
2025-11-23 10:22:20,929 INFO o.a.j.t.JMeterThread: Thread started: use-cpu 1-66
2025-11-23 10:22:20,937 INFO o.a.j.t.JMeterThread: Thread started: use-cpu 1-67
2025-11-23 10:22:20,946 INFO o.a.j.t.JMeterThread: Thread started: use-cpu 1-68
2025-11-23 10:22:20,957 INFO o.a.j.t.JMeterThread: Thread started: use-cpu 1-69
2025-11-23 10:22:20,968 INFO o.a.j.t.JMeterThread: Thread started: use-cpu 1-70
2025-11-23 10:22:20,979 INFO o.a.j.t.JMeterThread: Thread started: use-cpu 1-71
2025-11-23 10:22:20,986 INFO o.a.j.t.JMeterThread: Thread started: use-cpu 1-72
2025-11-23 10:22:21,000 INFO o.a.j.t.JMeterThread: Thread started: use-cpu 1-73
2025-11-23 10:22:21,007 INFO o.a.j.t.JMeterThread: Thread started: use-cpu 1-74
2025-11-23 10:22:21,018 INFO o.a.j.t.JMeterThread: Thread started: use-cpu 1-75
2025-11-23 10:22:21,026 INFO o.a.j.t.JMeterThread: Thread started: use-cpu 1-76
2025-11-23 10:22:21,037 INFO o.a.j.t.JMeterThread: Thread started: use-cpu 1-77
2025-11-23 10:22:21,047 INFO o.a.j.t.JMeterThread: Thread started: use-cpu 1-78
2025-11-23 10:22:21,055 INFO o.a.j.t.JMeterThread: Thread started: use-cpu 1-79
2025-11-23 10:22:21,065 INFO o.a.j.t.JMeterThread: Thread started: use-cpu 1-80
2025-11-23 10:22:21,076 INFO o.a.j.t.JMeterThread: Thread started: use-cpu 1-81
2025-11-23 10:22:21,085 INFO o.a.j.t.JMeterThread: Thread started: use-cpu 1-82
2025-11-23 10:22:21,096 INFO o.a.j.t.JMeterThread: Thread started: use-cpu 1-83
2025-11-23 10:22:21,107 INFO o.a.j.t.JMeterThread: Thread started: use-cpu 1-84
2025-11-23 10:22:21,118 INFO o.a.j.t.JMeterThread: Thread started: use-cpu 1-85
2025-11-23 10:22:21,126 INFO o.a.j.t.JMeterThread: Thread started: use-cpu 1-86
2025-11-23 10:22:21,136 INFO o.a.j.t.JMeterThread: Thread started: use-cpu 1-87
2025-11-23 10:22:21,146 INFO o.a.j.t.JMeterThread: Thread started: use-cpu 1-88
2025-11-23 10:22:21,160 INFO o.a.j.t.JMeterThread: Thread started: use-cpu 1-89
2025-11-23 10:22:21,166 INFO o.a.j.t.JMeterThread: Thread started: use-cpu 1-90
2025-11-23 10:22:21,177 INFO o.a.j.t.JMeterThread: Thread started: use-cpu 1-91
2025-11-23 10:22:21,187 INFO o.a.j.t.JMeterThread: Thread started: use-cpu 1-92
2025-11-23 10:22:21,195 INFO o.a.j.t.JMeterThread: Thread started: use-cpu 1-93
2025-11-23 10:22:21,205 INFO o.a.j.t.JMeterThread: Thread started: use-cpu 1-94
2025-11-23 10:22:21,215 INFO o.a.j.t.JMeterThread: Thread started: use-cpu 1-95
2025-11-23 10:22:21,228 INFO o.a.j.t.JMeterThread: Thread started: use-cpu 1-96
2025-11-23 10:22:21,235 INFO o.a.j.t.JMeterThread: Thread started: use-cpu 1-97
2025-11-23 10:22:21,247 INFO o.a.j.t.JMeterThread: Thread started: use-cpu 1-98
2025-11-23 10:22:21,255 INFO o.a.j.t.JMeterThread: Thread started: use-cpu 1-99
2025-11-23 10:22:21,265 INFO o.a.j.t.JMeterThread: Thread started: use-cpu 1-100
2025-11-23 10:25:53,390 INFO o.a.j.g.a.Start: Stopping test
2025-11-23 10:25:53,405 INFO o.a.j.t.JMeterThread: Stopping: use-cpu 1-29
2025-11-23 10:25:53,406 WARN o.a.j.t.JMeterThread: Interrupting: use-cpu 1-29 sampler: HTTP Request
2025-11-23 10:25:53,408 INFO o.a.j.t.JMeterThread: Stopping: use-cpu 1-48
2025-11-23 10:25:53,408 WARN o.a.j.t.JMeterThread: Interrupting: use-cpu 1-48 sampler: HTTP Request
2025-11-23 10:25:53,408 INFO o.a.j.t.JMeterThread: Stopping: use-cpu 1-14
2025-11-23 10:25:53,408 WARN o.a.j.t.JMeterThread: Interrupting: use-cpu 1-14 sampler: HTTP Request
2025-11-23 10:25:53,408 INFO o.a.j.t.JMeterThread: Stopping: use-cpu 1-80
2025-11-23 10:25:53,408 WARN o.a.j.t.JMeterThread: Interrupting: use-cpu 1-80 sampler: HTTP Request
2025-11-23 10:25:53,409 INFO o.a.j.t.JMeterThread: Stopping: use-cpu 1-27
2025-11-23 10:25:53,409 WARN o.a.j.t.JMeterThread: Interrupting: use-cpu 1-27 sampler: HTTP Request
2025-11-23 10:25:53,409 INFO o.a.j.t.JMeterThread: Stopping: use-cpu 1-92
2025-11-23 10:25:53,409 WARN o.a.j.t.JMeterThread: Interrupting: use-cpu 1-92 sampler: HTTP Request
2025-11-23 10:25:53,409 INFO o.a.j.t.JMeterThread: Stopping: use-cpu 1-50
2025-11-23 10:25:53,409 WARN o.a.j.t.JMeterThread: Interrupting: use-cpu 1-50 sampler: HTTP Request
2025-11-23 10:25:53,409 INFO o.a.j.t.JMeterThread: Stopping: use-cpu 1-62
2025-11-23 10:25:53,409 WARN o.a.j.t.JMeterThread: Interrupting: use-cpu 1-62 sampler: HTTP Request
2025-11-23 10:25:53,409 INFO o.a.j.t.JMeterThread: Stopping: use-cpu 1-33
2025-11-23 10:25:53,409 WARN o.a.j.t.JMeterThread: Interrupting: use-cpu 1-33 sampler: HTTP Request
2025-11-23 10:25:53,409 INFO o.a.j.t.JMeterThread: Stopping: use-cpu 1-99
2025-11-23 10:25:53,409 WARN o.a.j.t.JMeterThread: Interrupting: use-cpu 1-99 sampler: HTTP Request
2025-11-23 10:25:53,409 INFO o.a.j.t.JMeterThread: Thread finished: use-cpu 1-80
2025-11-23 10:25:53,409 INFO o.a.j.t.JMeterThread: Thread finished: use-cpu 1-27
2025-11-23 10:25:53,409 INFO o.a.j.t.JMeterThread: Thread finished: use-cpu 1-50
2025-11-23 10:25:53,409 INFO o.a.j.t.JMeterThread: Thread finished: use-cpu 1-48
2025-11-23 10:25:53,409 INFO o.a.j.t.JMeterThread: Thread finished: use-cpu 1-92
2025-11-23 10:25:53,409 INFO o.a.j.t.JMeterThread: Thread finished: use-cpu 1-14
2025-11-23 10:25:53,409 INFO o.a.j.t.JMeterThread: Stopping: use-cpu 1-93
2025-11-23 10:25:53,409 INFO o.a.j.t.JMeterThread: Thread finished: use-cpu 1-29
2025-11-23 10:25:53,410 WARN o.a.j.t.JMeterThread: Interrupting: use-cpu 1-93 sampler: HTTP Request
2025-11-23 10:25:53,409 INFO o.a.j.t.JMeterThread: Thread finished: use-cpu 1-62
2025-11-23 10:25:53,409 INFO o.a.j.t.JMeterThread: Thread finished: use-cpu 1-33
2025-11-23 10:25:53,410 INFO o.a.j.t.JMeterThread: Stopping: use-cpu 1-19
2025-11-23 10:25:53,410 WARN o.a.j.t.JMeterThread: Interrupting: use-cpu 1-19 sampler: HTTP Request
2025-11-23 10:25:53,410 INFO o.a.j.t.JMeterThread: Thread finished: use-cpu 1-99
2025-11-23 10:25:53,410 INFO o.a.j.t.JMeterThread: Stopping: use-cpu 1-94
2025-11-23 10:25:53,410 WARN o.a.j.t.JMeterThread: Interrupting: use-cpu 1-94 sampler: HTTP Request
2025-11-23 10:25:53,410 INFO o.a.j.t.JMeterThread: Thread finished: use-cpu 1-93
2025-11-23 10:25:53,410 INFO o.a.j.t.JMeterThread: Stopping: use-cpu 1-54
2025-11-23 10:25:53,410 INFO o.a.j.t.JMeterThread: Thread finished: use-cpu 1-19
2025-11-23 10:25:53,410 WARN o.a.j.t.JMeterThread: Interrupting: use-cpu 1-54 sampler: HTTP Request
2025-11-23 10:25:53,410 INFO o.a.j.t.JMeterThread: Stopping: use-cpu 1-88
2025-11-23 10:25:53,410 WARN o.a.j.t.JMeterThread: Interrupting: use-cpu 1-88 sampler: HTTP Request
2025-11-23 10:25:53,410 INFO o.a.j.t.JMeterThread: Stopping: use-cpu 1-6
2025-11-23 10:25:53,410 INFO o.a.j.t.JMeterThread: Thread finished: use-cpu 1-54
2025-11-23 10:25:53,410 INFO o.a.j.t.JMeterThread: Thread finished: use-cpu 1-94
2025-11-23 10:25:53,410 WARN o.a.j.t.JMeterThread: Interrupting: use-cpu 1-6 sampler: HTTP Request
2025-11-23 10:25:53,411 INFO o.a.j.t.JMeterThread: Stopping: use-cpu 1-23
2025-11-23 10:25:53,411 WARN o.a.j.t.JMeterThread: Interrupting: use-cpu 1-23 sampler: HTTP Request
2025-11-23 10:25:53,411 INFO o.a.j.t.JMeterThread: Thread finished: use-cpu 1-88
2025-11-23 10:25:53,411 INFO o.a.j.t.JMeterThread: Thread finished: use-cpu 1-6
2025-11-23 10:25:53,411 INFO o.a.j.t.JMeterThread: Stopping: use-cpu 1-59
2025-11-23 10:25:53,411 WARN o.a.j.t.JMeterThread: Interrupting: use-cpu 1-59 sampler: HTTP Request
2025-11-23 10:25:53,411 INFO o.a.j.t.JMeterThread: Stopping: use-cpu 1-9
2025-11-23 10:25:53,411 WARN o.a.j.t.JMeterThread: Interrupting: use-cpu 1-9 sampler: HTTP Request
2025-11-23 10:25:53,411 INFO o.a.j.t.JMeterThread: Stopping: use-cpu 1-73
2025-11-23 10:25:53,411 INFO o.a.j.t.JMeterThread: Thread finished: use-cpu 1-23
2025-11-23 10:25:53,411 WARN o.a.j.t.JMeterThread: Interrupting: use-cpu 1-73 sampler: HTTP Request
2025-11-23 10:25:53,411 INFO o.a.j.t.JMeterThread: Stopping: use-cpu 1-31
2025-11-23 10:25:53,411 WARN o.a.j.t.JMeterThread: Interrupting: use-cpu 1-31 sampler: HTTP Request
2025-11-23 10:25:53,411 INFO o.a.j.t.JMeterThread: Thread finished: use-cpu 1-59
2025-11-23 10:25:53,411 INFO o.a.j.t.JMeterThread: Thread finished: use-cpu 1-9
2025-11-23 10:25:53,411 INFO o.a.j.t.JMeterThread: Stopping: use-cpu 1-17
2025-11-23 10:25:53,411 WARN o.a.j.t.JMeterThread: Interrupting: use-cpu 1-17 sampler: HTTP Request
2025-11-23 10:25:53,411 INFO o.a.j.t.JMeterThread: Stopping: use-cpu 1-7
2025-11-23 10:25:53,411 WARN o.a.j.t.JMeterThread: Interrupting: use-cpu 1-7 sampler: HTTP Request
2025-11-23 10:25:53,411 INFO o.a.j.t.JMeterThread: Thread finished: use-cpu 1-31
2025-11-23 10:25:53,411 INFO o.a.j.t.JMeterThread: Stopping: use-cpu 1-21
2025-11-23 10:25:53,411 WARN o.a.j.t.JMeterThread: Interrupting: use-cpu 1-21 sampler: HTTP Request
2025-11-23 10:25:53,411 INFO o.a.j.t.JMeterThread: Thread finished: use-cpu 1-7
2025-11-23 10:25:53,411 INFO o.a.j.t.JMeterThread: Thread finished: use-cpu 1-73
2025-11-23 10:25:53,411 INFO o.a.j.t.JMeterThread: Stopping: use-cpu 1-10
2025-11-23 10:25:53,411 INFO o.a.j.t.JMeterThread: Thread finished: use-cpu 1-17
2025-11-23 10:25:53,412 INFO o.a.j.t.JMeterThread: Thread finished: use-cpu 1-21
2025-11-23 10:25:53,412 WARN o.a.j.t.JMeterThread: Interrupting: use-cpu 1-10 sampler: HTTP Request
2025-11-23 10:25:53,412 INFO o.a.j.t.JMeterThread: Stopping: use-cpu 1-1
2025-11-23 10:25:53,412 WARN o.a.j.t.JMeterThread: Interrupting: use-cpu 1-1 sampler: HTTP Request
2025-11-23 10:25:53,412 INFO o.a.j.t.JMeterThread: Stopping: use-cpu 1-76
2025-11-23 10:25:53,412 WARN o.a.j.t.JMeterThread: Interrupting: use-cpu 1-76 sampler: HTTP Request
2025-11-23 10:25:53,412 INFO o.a.j.t.JMeterThread: Stopping: use-cpu 1-60
2025-11-23 10:25:53,412 WARN o.a.j.t.JMeterThread: Interrupting: use-cpu 1-60 sampler: HTTP Request
2025-11-23 10:25:53,412 INFO o.a.j.t.JMeterThread: Stopping: use-cpu 1-4
2025-11-23 10:25:53,412 WARN o.a.j.t.JMeterThread: Interrupting: use-cpu 1-4 sampler: HTTP Request
2025-11-23 10:25:53,412 INFO o.a.j.t.JMeterThread: Thread finished: use-cpu 1-10
2025-11-23 10:25:53,412 INFO o.a.j.t.JMeterThread: Thread finished: use-cpu 1-1
2025-11-23 10:25:53,412 INFO o.a.j.t.JMeterThread: Stopping: use-cpu 1-69
2025-11-23 10:25:53,412 INFO o.a.j.t.JMeterThread: Thread finished: use-cpu 1-60
2025-11-23 10:25:53,412 WARN o.a.j.t.JMeterThread: Interrupting: use-cpu 1-69 sampler: HTTP Request
2025-11-23 10:25:53,412 INFO o.a.j.t.JMeterThread: Thread finished: use-cpu 1-76
2025-11-23 10:25:53,412 INFO o.a.j.t.JMeterThread: Stopping: use-cpu 1-8
2025-11-23 10:25:53,412 WARN o.a.j.t.JMeterThread: Interrupting: use-cpu 1-8 sampler: HTTP Request
2025-11-23 10:25:53,412 INFO o.a.j.t.JMeterThread: Stopping: use-cpu 1-87
2025-11-23 10:25:53,412 INFO o.a.j.t.JMeterThread: Thread finished: use-cpu 1-4
2025-11-23 10:25:53,412 WARN o.a.j.t.JMeterThread: Interrupting: use-cpu 1-87 sampler: HTTP Request
2025-11-23 10:25:53,412 INFO o.a.j.t.JMeterThread: Stopping: use-cpu 1-58
2025-11-23 10:25:53,412 INFO o.a.j.t.JMeterThread: Thread finished: use-cpu 1-69
2025-11-23 10:25:53,412 WARN o.a.j.t.JMeterThread: Interrupting: use-cpu 1-58 sampler: HTTP Request
2025-11-23 10:25:53,412 INFO o.a.j.t.JMeterThread: Thread finished: use-cpu 1-8
2025-11-23 10:25:53,412 INFO o.a.j.t.JMeterThread: Stopping: use-cpu 1-42
2025-11-23 10:25:53,413 WARN o.a.j.t.JMeterThread: Interrupting: use-cpu 1-42 sampler: HTTP Request
2025-11-23 10:25:53,413 INFO o.a.j.t.JMeterThread: Stopping: use-cpu 1-86
2025-11-23 10:25:53,413 WARN o.a.j.t.JMeterThread: Interrupting: use-cpu 1-86 sampler: HTTP Request
2025-11-23 10:25:53,413 INFO o.a.j.t.JMeterThread: Thread finished: use-cpu 1-58
2025-11-23 10:25:53,413 INFO o.a.j.t.JMeterThread: Thread finished: use-cpu 1-42
2025-11-23 10:25:53,413 INFO o.a.j.t.JMeterThread: Stopping: use-cpu 1-95
2025-11-23 10:25:53,413 INFO o.a.j.t.JMeterThread: Thread finished: use-cpu 1-87
2025-11-23 10:25:53,413 WARN o.a.j.t.JMeterThread: Interrupting: use-cpu 1-95 sampler: HTTP Request
2025-11-23 10:25:53,413 INFO o.a.j.t.JMeterThread: Thread finished: use-cpu 1-86
2025-11-23 10:25:53,413 INFO o.a.j.t.JMeterThread: Stopping: use-cpu 1-56
2025-11-23 10:25:53,413 WARN o.a.j.t.JMeterThread: Interrupting: use-cpu 1-56 sampler: HTTP Request
2025-11-23 10:25:53,413 INFO o.a.j.t.JMeterThread: Thread finished: use-cpu 1-95
2025-11-23 10:25:53,413 INFO o.a.j.t.JMeterThread: Stopping: use-cpu 1-98
2025-11-23 10:25:53,413 INFO o.a.j.t.JMeterThread: Thread finished: use-cpu 1-56
2025-11-23 10:25:53,413 WARN o.a.j.t.JMeterThread: Interrupting: use-cpu 1-98 sampler: HTTP Request
2025-11-23 10:25:53,413 INFO o.a.j.t.JMeterThread: Stopping: use-cpu 1-36
2025-11-23 10:25:53,413 WARN o.a.j.t.JMeterThread: Interrupting: use-cpu 1-36 sampler: HTTP Request
2025-11-23 10:25:53,413 INFO o.a.j.t.JMeterThread: Stopping: use-cpu 1-40
2025-11-23 10:25:53,413 WARN o.a.j.t.JMeterThread: Interrupting: use-cpu 1-40 sampler: HTTP Request
2025-11-23 10:25:53,413 INFO o.a.j.t.JMeterThread: Thread finished: use-cpu 1-98
2025-11-23 10:25:53,413 INFO o.a.j.t.JMeterThread: Stopping: use-cpu 1-64
2025-11-23 10:25:53,413 WARN o.a.j.t.JMeterThread: Interrupting: use-cpu 1-64 sampler: HTTP Request
2025-11-23 10:25:53,413 INFO o.a.j.t.JMeterThread: Stopping: use-cpu 1-28
2025-11-23 10:25:53,413 WARN o.a.j.t.JMeterThread: Interrupting: use-cpu 1-28 sampler: HTTP Request
2025-11-23 10:25:53,413 INFO o.a.j.t.JMeterThread: Stopping: use-cpu 1-22
2025-11-23 10:25:53,413 WARN o.a.j.t.JMeterThread: Interrupting: use-cpu 1-22 sampler: HTTP Request
2025-11-23 10:25:53,413 INFO o.a.j.t.JMeterThread: Thread finished: use-cpu 1-64
2025-11-23 10:25:53,414 INFO o.a.j.t.JMeterThread: Stopping: use-cpu 1-91
2025-11-23 10:25:53,414 WARN o.a.j.t.JMeterThread: Interrupting: use-cpu 1-91 sampler: HTTP Request
2025-11-23 10:25:53,414 INFO o.a.j.t.JMeterThread: Thread finished: use-cpu 1-40
2025-11-23 10:25:53,414 INFO o.a.j.t.JMeterThread: Thread finished: use-cpu 1-36
2025-11-23 10:25:53,414 INFO o.a.j.t.JMeterThread: Thread finished: use-cpu 1-28
2025-11-23 10:25:53,414 INFO o.a.j.t.JMeterThread: Stopping: use-cpu 1-25
2025-11-23 10:25:53,414 INFO o.a.j.t.JMeterThread: Thread finished: use-cpu 1-22
2025-11-23 10:25:53,414 WARN o.a.j.t.JMeterThread: Interrupting: use-cpu 1-25 sampler: HTTP Request
2025-11-23 10:25:53,414 INFO o.a.j.t.JMeterThread: Thread finished: use-cpu 1-91
2025-11-23 10:25:53,414 INFO o.a.j.t.JMeterThread: Stopping: use-cpu 1-12
2025-11-23 10:25:53,414 WARN o.a.j.t.JMeterThread: Interrupting: use-cpu 1-12 sampler: HTTP Request
2025-11-23 10:25:53,414 INFO o.a.j.t.JMeterThread: Thread finished: use-cpu 1-25
2025-11-23 10:25:53,414 INFO o.a.j.t.JMeterThread: Stopping: use-cpu 1-24
2025-11-23 10:25:53,414 WARN o.a.j.t.JMeterThread: Interrupting: use-cpu 1-24 sampler: HTTP Request
2025-11-23 10:25:53,414 INFO o.a.j.t.JMeterThread: Thread finished: use-cpu 1-12
2025-11-23 10:25:53,414 INFO o.a.j.t.JMeterThread: Stopping: use-cpu 1-72
2025-11-23 10:25:53,414 WARN o.a.j.t.JMeterThread: Interrupting: use-cpu 1-72 sampler: HTTP Request
2025-11-23 10:25:53,415 INFO o.a.j.t.JMeterThread: Thread finished: use-cpu 1-24
2025-11-23 10:25:53,415 INFO o.a.j.t.JMeterThread: Stopping: use-cpu 1-74
2025-11-23 10:25:53,415 WARN o.a.j.t.JMeterThread: Interrupting: use-cpu 1-74 sampler: HTTP Request
2025-11-23 10:25:53,415 INFO o.a.j.t.JMeterThread: Thread finished: use-cpu 1-72
2025-11-23 10:25:53,415 INFO o.a.j.t.JMeterThread: Stopping: use-cpu 1-34
2025-11-23 10:25:53,415 INFO o.a.j.t.JMeterThread: Thread finished: use-cpu 1-74
2025-11-23 10:25:53,415 WARN o.a.j.t.JMeterThread: Interrupting: use-cpu 1-34 sampler: HTTP Request
2025-11-23 10:25:53,415 INFO o.a.j.t.JMeterThread: Stopping: use-cpu 1-82
2025-11-23 10:25:53,415 WARN o.a.j.t.JMeterThread: Interrupting: use-cpu 1-82 sampler: HTTP Request
2025-11-23 10:25:53,415 INFO o.a.j.t.JMeterThread: Thread finished: use-cpu 1-34
2025-11-23 10:25:53,415 INFO o.a.j.t.JMeterThread: Stopping: use-cpu 1-84
2025-11-23 10:25:53,415 WARN o.a.j.t.JMeterThread: Interrupting: use-cpu 1-84 sampler: HTTP Request
2025-11-23 10:25:53,415 INFO o.a.j.t.JMeterThread: Stopping: use-cpu 1-77
2025-11-23 10:25:53,415 INFO o.a.j.t.JMeterThread: Thread finished: use-cpu 1-82
2025-11-23 10:25:53,415 INFO o.a.j.t.JMeterThread: Thread finished: use-cpu 1-84
2025-11-23 10:25:53,415 WARN o.a.j.t.JMeterThread: Interrupting: use-cpu 1-77 sampler: HTTP Request
2025-11-23 10:25:53,415 INFO o.a.j.t.JMeterThread: Stopping: use-cpu 1-49
2025-11-23 10:25:53,415 WARN o.a.j.t.JMeterThread: Interrupting: use-cpu 1-49 sampler: HTTP Request
2025-11-23 10:25:53,416 INFO o.a.j.t.JMeterThread: Stopping: use-cpu 1-89
2025-11-23 10:25:53,416 WARN o.a.j.t.JMeterThread: Interrupting: use-cpu 1-89 sampler: HTTP Request
2025-11-23 10:25:53,416 INFO o.a.j.t.JMeterThread: Thread finished: use-cpu 1-77
2025-11-23 10:25:53,416 INFO o.a.j.t.JMeterThread: Thread finished: use-cpu 1-49
2025-11-23 10:25:53,416 INFO o.a.j.t.JMeterThread: Stopping: use-cpu 1-51
2025-11-23 10:25:53,416 WARN o.a.j.t.JMeterThread: Interrupting: use-cpu 1-51 sampler: HTTP Request
2025-11-23 10:25:53,416 INFO o.a.j.t.JMeterThread: Stopping: use-cpu 1-68
2025-11-23 10:25:53,416 WARN o.a.j.t.JMeterThread: Interrupting: use-cpu 1-68 sampler: HTTP Request
2025-11-23 10:25:53,416 INFO o.a.j.t.JMeterThread: Thread finished: use-cpu 1-51
2025-11-23 10:25:53,416 INFO o.a.j.t.JMeterThread: Thread finished: use-cpu 1-89
2025-11-23 10:25:53,416 INFO o.a.j.t.JMeterThread: Stopping: use-cpu 1-38
2025-11-23 10:25:53,416 INFO o.a.j.t.JMeterThread: Thread finished: use-cpu 1-68
2025-11-23 10:25:53,416 WARN o.a.j.t.JMeterThread: Interrupting: use-cpu 1-38 sampler: HTTP Request
2025-11-23 10:25:53,416 INFO o.a.j.t.JMeterThread: Stopping: use-cpu 1-37
2025-11-23 10:25:53,416 WARN o.a.j.t.JMeterThread: Interrupting: use-cpu 1-37 sampler: HTTP Request
2025-11-23 10:25:53,416 INFO o.a.j.t.JMeterThread: Stopping: use-cpu 1-26
2025-11-23 10:25:53,416 WARN o.a.j.t.JMeterThread: Interrupting: use-cpu 1-26 sampler: HTTP Request
2025-11-23 10:25:53,417 INFO o.a.j.t.JMeterThread: Thread finished: use-cpu 1-38
2025-11-23 10:25:53,417 INFO o.a.j.t.JMeterThread: Stopping: use-cpu 1-15
2025-11-23 10:25:53,417 WARN o.a.j.t.JMeterThread: Interrupting: use-cpu 1-15 sampler: HTTP Request
2025-11-23 10:25:53,417 INFO o.a.j.t.JMeterThread: Thread finished: use-cpu 1-37
2025-11-23 10:25:53,417 INFO o.a.j.t.JMeterThread: Thread finished: use-cpu 1-26
2025-11-23 10:25:53,417 INFO o.a.j.t.JMeterThread: Stopping: use-cpu 1-3
2025-11-23 10:25:53,417 WARN o.a.j.t.JMeterThread: Interrupting: use-cpu 1-3 sampler: HTTP Request
2025-11-23 10:25:53,417 INFO o.a.j.t.JMeterThread: Thread finished: use-cpu 1-15
2025-11-23 10:25:53,417 INFO o.a.j.t.JMeterThread: Stopping: use-cpu 1-78
2025-11-23 10:25:53,417 WARN o.a.j.t.JMeterThread: Interrupting: use-cpu 1-78 sampler: HTTP Request
2025-11-23 10:25:53,417 INFO o.a.j.t.JMeterThread: Thread finished: use-cpu 1-3
2025-11-23 10:25:53,417 INFO o.a.j.t.JMeterThread: Stopping: use-cpu 1-2
2025-11-23 10:25:53,417 INFO o.a.j.t.JMeterThread: Thread finished: use-cpu 1-78
2025-11-23 10:25:53,417 WARN o.a.j.t.JMeterThread: Interrupting: use-cpu 1-2 sampler: HTTP Request
2025-11-23 10:25:53,417 INFO o.a.j.t.JMeterThread: Stopping: use-cpu 1-39
2025-11-23 10:25:53,417 WARN o.a.j.t.JMeterThread: Interrupting: use-cpu 1-39 sampler: HTTP Request
2025-11-23 10:25:53,417 INFO o.a.j.t.JMeterThread: Stopping: use-cpu 1-61
2025-11-23 10:25:53,417 WARN o.a.j.t.JMeterThread: Interrupting: use-cpu 1-61 sampler: HTTP Request
2025-11-23 10:25:53,418 INFO o.a.j.t.JMeterThread: Thread finished: use-cpu 1-2
2025-11-23 10:25:53,418 INFO o.a.j.t.JMeterThread: Stopping: use-cpu 1-63
2025-11-23 10:25:53,418 INFO o.a.j.t.JMeterThread: Thread finished: use-cpu 1-61
2025-11-23 10:25:53,418 WARN o.a.j.t.JMeterThread: Interrupting: use-cpu 1-63 sampler: HTTP Request
2025-11-23 10:25:53,418 INFO o.a.j.t.JMeterThread: Thread finished: use-cpu 1-39
2025-11-23 10:25:53,418 INFO o.a.j.t.JMeterThread: Stopping: use-cpu 1-43
2025-11-23 10:25:53,418 WARN o.a.j.t.JMeterThread: Interrupting: use-cpu 1-43 sampler: HTTP Request
2025-11-23 10:25:53,418 INFO o.a.j.t.JMeterThread: Thread finished: use-cpu 1-63
2025-11-23 10:25:53,418 INFO o.a.j.t.JMeterThread: Stopping: use-cpu 1-67
2025-11-23 10:25:53,418 WARN o.a.j.t.JMeterThread: Interrupting: use-cpu 1-67 sampler: HTTP Request
2025-11-23 10:25:53,418 INFO o.a.j.t.JMeterThread: Thread finished: use-cpu 1-43
2025-11-23 10:25:53,418 INFO o.a.j.t.JMeterThread: Stopping: use-cpu 1-53
2025-11-23 10:25:53,418 WARN o.a.j.t.JMeterThread: Interrupting: use-cpu 1-53 sampler: HTTP Request
2025-11-23 10:25:53,418 INFO o.a.j.t.JMeterThread: Stopping: use-cpu 1-96
2025-11-23 10:25:53,418 WARN o.a.j.t.JMeterThread: Interrupting: use-cpu 1-96 sampler: HTTP Request
2025-11-23 10:25:53,418 INFO o.a.j.t.JMeterThread: Thread finished: use-cpu 1-67
2025-11-23 10:25:53,418 INFO o.a.j.t.JMeterThread: Stopping: use-cpu 1-100
2025-11-23 10:25:53,418 WARN o.a.j.t.JMeterThread: Interrupting: use-cpu 1-100 sampler: HTTP Request
2025-11-23 10:25:53,418 INFO o.a.j.t.JMeterThread: Thread finished: use-cpu 1-53
2025-11-23 10:25:53,419 INFO o.a.j.t.JMeterThread: Stopping: use-cpu 1-44
2025-11-23 10:25:53,419 WARN o.a.j.t.JMeterThread: Interrupting: use-cpu 1-44 sampler: HTTP Request
2025-11-23 10:25:53,419 INFO o.a.j.t.JMeterThread: Thread finished: use-cpu 1-96
2025-11-23 10:25:53,419 INFO o.a.j.t.JMeterThread: Stopping: use-cpu 1-65
2025-11-23 10:25:53,419 WARN o.a.j.t.JMeterThread: Interrupting: use-cpu 1-65 sampler: HTTP Request
2025-11-23 10:25:53,419 INFO o.a.j.t.JMeterThread: Stopping: use-cpu 1-66
2025-11-23 10:25:53,419 WARN o.a.j.t.JMeterThread: Interrupting: use-cpu 1-66 sampler: HTTP Request
2025-11-23 10:25:53,419 INFO o.a.j.t.JMeterThread: Thread finished: use-cpu 1-44
2025-11-23 10:25:53,419 INFO o.a.j.t.JMeterThread: Thread finished: use-cpu 1-100
2025-11-23 10:25:53,419 INFO o.a.j.t.JMeterThread: Stopping: use-cpu 1-52
2025-11-23 10:25:53,419 WARN o.a.j.t.JMeterThread: Interrupting: use-cpu 1-52 sampler: HTTP Request
2025-11-23 10:25:53,419 INFO o.a.j.t.JMeterThread: Thread finished: use-cpu 1-66
2025-11-23 10:25:53,419 INFO o.a.j.t.JMeterThread: Thread finished: use-cpu 1-65
2025-11-23 10:25:53,419 INFO o.a.j.t.JMeterThread: Stopping: use-cpu 1-97
2025-11-23 10:25:53,419 WARN o.a.j.t.JMeterThread: Interrupting: use-cpu 1-97 sampler: HTTP Request
2025-11-23 10:25:53,419 INFO o.a.j.t.JMeterThread: Thread finished: use-cpu 1-52
2025-11-23 10:25:53,419 INFO o.a.j.t.JMeterThread: Stopping: use-cpu 1-83
2025-11-23 10:25:53,419 WARN o.a.j.t.JMeterThread: Interrupting: use-cpu 1-83 sampler: HTTP Request
2025-11-23 10:25:53,419 INFO o.a.j.t.JMeterThread: Stopping: use-cpu 1-13
2025-11-23 10:25:53,419 WARN o.a.j.t.JMeterThread: Interrupting: use-cpu 1-13 sampler: HTTP Request
2025-11-23 10:25:53,419 INFO o.a.j.t.JMeterThread: Stopping: use-cpu 1-85
2025-11-23 10:25:53,419 WARN o.a.j.t.JMeterThread: Interrupting: use-cpu 1-85 sampler: HTTP Request
2025-11-23 10:25:53,419 INFO o.a.j.t.JMeterThread: Thread finished: use-cpu 1-83
2025-11-23 10:25:53,419 INFO o.a.j.t.JMeterThread: Thread finished: use-cpu 1-97
2025-11-23 10:25:53,420 INFO o.a.j.t.JMeterThread: Stopping: use-cpu 1-70
2025-11-23 10:25:53,420 WARN o.a.j.t.JMeterThread: Interrupting: use-cpu 1-70 sampler: HTTP Request
2025-11-23 10:25:53,420 INFO o.a.j.t.JMeterThread: Stopping: use-cpu 1-20
2025-11-23 10:25:53,420 WARN o.a.j.t.JMeterThread: Interrupting: use-cpu 1-20 sampler: HTTP Request
2025-11-23 10:25:53,420 INFO o.a.j.t.JMeterThread: Thread finished: use-cpu 1-13
2025-11-23 10:25:53,420 INFO o.a.j.t.JMeterThread: Thread finished: use-cpu 1-70
2025-11-23 10:25:53,420 INFO o.a.j.t.JMeterThread: Thread finished: use-cpu 1-85
2025-11-23 10:25:53,420 INFO o.a.j.t.JMeterThread: Stopping: use-cpu 1-90
2025-11-23 10:25:53,420 WARN o.a.j.t.JMeterThread: Interrupting: use-cpu 1-90 sampler: HTTP Request
2025-11-23 10:25:53,420 INFO o.a.j.t.JMeterThread: Thread finished: use-cpu 1-20
2025-11-23 10:25:53,420 INFO o.a.j.t.JMeterThread: Stopping: use-cpu 1-47
2025-11-23 10:25:53,420 WARN o.a.j.t.JMeterThread: Interrupting: use-cpu 1-47 sampler: HTTP Request
2025-11-23 10:25:53,420 INFO o.a.j.t.JMeterThread: Stopping: use-cpu 1-16
2025-11-23 10:25:53,420 WARN o.a.j.t.JMeterThread: Interrupting: use-cpu 1-16 sampler: HTTP Request
2025-11-23 10:25:53,420 INFO o.a.j.t.JMeterThread: Thread finished: use-cpu 1-90
2025-11-23 10:25:53,420 INFO o.a.j.t.JMeterThread: Thread finished: use-cpu 1-47
2025-11-23 10:25:53,420 INFO o.a.j.t.JMeterThread: Stopping: use-cpu 1-57
2025-11-23 10:25:53,420 WARN o.a.j.t.JMeterThread: Interrupting: use-cpu 1-57 sampler: HTTP Request
2025-11-23 10:25:53,420 INFO o.a.j.t.JMeterThread: Stopping: use-cpu 1-46
2025-11-23 10:25:53,420 WARN o.a.j.t.JMeterThread: Interrupting: use-cpu 1-46 sampler: HTTP Request
2025-11-23 10:25:53,420 INFO o.a.j.t.JMeterThread: Thread finished: use-cpu 1-16
2025-11-23 10:25:53,420 INFO o.a.j.t.JMeterThread: Stopping: use-cpu 1-71
2025-11-23 10:25:53,420 WARN o.a.j.t.JMeterThread: Interrupting: use-cpu 1-71 sampler: HTTP Request
2025-11-23 10:25:53,420 INFO o.a.j.t.JMeterThread: Thread finished: use-cpu 1-57
2025-11-23 10:25:53,420 INFO o.a.j.t.JMeterThread: Stopping: use-cpu 1-41
2025-11-23 10:25:53,420 WARN o.a.j.t.JMeterThread: Interrupting: use-cpu 1-41 sampler: HTTP Request
2025-11-23 10:25:53,420 INFO o.a.j.t.JMeterThread: Stopping: use-cpu 1-81
2025-11-23 10:25:53,420 WARN o.a.j.t.JMeterThread: Interrupting: use-cpu 1-81 sampler: HTTP Request
2025-11-23 10:25:53,420 INFO o.a.j.t.JMeterThread: Thread finished: use-cpu 1-46
2025-11-23 10:25:53,420 INFO o.a.j.t.JMeterThread: Stopping: use-cpu 1-32
2025-11-23 10:25:53,420 WARN o.a.j.t.JMeterThread: Interrupting: use-cpu 1-32 sampler: HTTP Request
2025-11-23 10:25:53,420 INFO o.a.j.t.JMeterThread: Thread finished: use-cpu 1-71
2025-11-23 10:25:53,421 INFO o.a.j.t.JMeterThread: Stopping: use-cpu 1-18
2025-11-23 10:25:53,421 WARN o.a.j.t.JMeterThread: Interrupting: use-cpu 1-18 sampler: HTTP Request
2025-11-23 10:25:53,421 INFO o.a.j.t.JMeterThread: Thread finished: use-cpu 1-41
2025-11-23 10:25:53,421 INFO o.a.j.t.JMeterThread: Thread finished: use-cpu 1-81
2025-11-23 10:25:53,421 INFO o.a.j.t.JMeterThread: Thread finished: use-cpu 1-32
2025-11-23 10:25:53,421 INFO o.a.j.t.JMeterThread: Stopping: use-cpu 1-55
2025-11-23 10:25:53,421 WARN o.a.j.t.JMeterThread: Interrupting: use-cpu 1-55 sampler: HTTP Request
2025-11-23 10:25:53,421 INFO o.a.j.t.JMeterThread: Stopping: use-cpu 1-75
2025-11-23 10:25:53,421 WARN o.a.j.t.JMeterThread: Interrupting: use-cpu 1-75 sampler: HTTP Request
2025-11-23 10:25:53,421 INFO o.a.j.t.JMeterThread: Thread finished: use-cpu 1-55
2025-11-23 10:25:53,421 INFO o.a.j.t.JMeterThread: Thread finished: use-cpu 1-18
2025-11-23 10:25:53,421 INFO o.a.j.t.JMeterThread: Stopping: use-cpu 1-30
2025-11-23 10:25:53,421 WARN o.a.j.t.JMeterThread: Interrupting: use-cpu 1-30 sampler: HTTP Request
2025-11-23 10:25:53,421 INFO o.a.j.t.JMeterThread: Stopping: use-cpu 1-5
2025-11-23 10:25:53,421 WARN o.a.j.t.JMeterThread: Interrupting: use-cpu 1-5 sampler: HTTP Request
2025-11-23 10:25:53,421 INFO o.a.j.t.JMeterThread: Thread finished: use-cpu 1-75
2025-11-23 10:25:53,421 INFO o.a.j.t.JMeterThread: Stopping: use-cpu 1-79
2025-11-23 10:25:53,421 WARN o.a.j.t.JMeterThread: Interrupting: use-cpu 1-79 sampler: HTTP Request
2025-11-23 10:25:53,421 INFO o.a.j.t.JMeterThread: Stopping: use-cpu 1-45
2025-11-23 10:25:53,421 WARN o.a.j.t.JMeterThread: Interrupting: use-cpu 1-45 sampler: HTTP Request
2025-11-23 10:25:53,421 INFO o.a.j.t.JMeterThread: Thread finished: use-cpu 1-30
2025-11-23 10:25:53,421 INFO o.a.j.t.JMeterThread: Stopping: use-cpu 1-35
2025-11-23 10:25:53,421 WARN o.a.j.t.JMeterThread: Interrupting: use-cpu 1-35 sampler: HTTP Request
2025-11-23 10:25:53,421 INFO o.a.j.t.JMeterThread: Thread finished: use-cpu 1-5
2025-11-23 10:25:53,421 INFO o.a.j.t.JMeterThread: Stopping: use-cpu 1-11
2025-11-23 10:25:53,421 INFO o.a.j.t.JMeterThread: Thread finished: use-cpu 1-79
2025-11-23 10:25:53,421 WARN o.a.j.t.JMeterThread: Interrupting: use-cpu 1-11 sampler: HTTP Request
2025-11-23 10:25:53,421 INFO o.a.j.t.JMeterThread: Thread finished: use-cpu 1-45
2025-11-23 10:25:53,421 INFO o.a.j.t.JMeterThread: Thread finished: use-cpu 1-35
2025-11-23 10:25:53,422 INFO o.a.j.t.JMeterThread: Thread finished: use-cpu 1-11
2025-11-23 10:25:53,422 INFO o.a.j.e.StandardJMeterEngine: Notifying test listeners of end of test
2025-11-23 10:25:53,422 INFO o.a.j.g.u.JMeterMenuBar: setRunning(false, *local*)
2025-11-23 10:28:57,060 INFO o.a.j.e.StandardJMeterEngine: Running the test!
2025-11-23 10:28:57,061 INFO o.a.j.s.SampleEvent: List of sample_variables: []
2025-11-23 10:28:57,061 INFO o.a.j.g.u.JMeterMenuBar: setRunning(true, *local*)
2025-11-23 10:28:57,121 INFO o.a.j.e.StandardJMeterEngine: Starting ThreadGroup: 1 : use-cpu-async
2025-11-23 10:28:57,121 INFO o.a.j.e.StandardJMeterEngine: Starting 20 threads for group use-cpu-async.
2025-11-23 10:28:57,121 INFO o.a.j.e.StandardJMeterEngine: Thread will continue on error
2025-11-23 10:28:57,121 INFO o.a.j.t.ThreadGroup: Starting thread group... number=1 threads=20 ramp-up=1 delayedStart=false
2025-11-23 10:28:57,122 INFO o.a.j.t.JMeterThread: Thread started: use-cpu-async 1-1
2025-11-23 10:28:57,123 INFO o.a.j.t.ThreadGroup: Started thread group number 1
2025-11-23 10:28:57,123 INFO o.a.j.e.StandardJMeterEngine: All thread groups have been started
2025-11-23 10:28:57,175 INFO o.a.j.t.JMeterThread: Thread started: use-cpu-async 1-2
2025-11-23 10:28:57,226 INFO o.a.j.t.JMeterThread: Thread started: use-cpu-async 1-3
2025-11-23 10:28:57,274 INFO o.a.j.t.JMeterThread: Thread started: use-cpu-async 1-4
2025-11-23 10:28:57,325 INFO o.a.j.t.JMeterThread: Thread started: use-cpu-async 1-5
2025-11-23 10:28:57,373 INFO o.a.j.t.JMeterThread: Thread started: use-cpu-async 1-6
2025-11-23 10:28:57,422 INFO o.a.j.t.JMeterThread: Thread started: use-cpu-async 1-7
2025-11-23 10:28:57,473 INFO o.a.j.t.JMeterThread: Thread started: use-cpu-async 1-8
2025-11-23 10:28:57,522 INFO o.a.j.t.JMeterThread: Thread started: use-cpu-async 1-9
2025-11-23 10:28:57,572 INFO o.a.j.t.JMeterThread: Thread started: use-cpu-async 1-10
2025-11-23 10:28:57,623 INFO o.a.j.t.JMeterThread: Thread started: use-cpu-async 1-11
2025-11-23 10:28:57,673 INFO o.a.j.t.JMeterThread: Thread started: use-cpu-async 1-12
2025-11-23 10:28:57,723 INFO o.a.j.t.JMeterThread: Thread started: use-cpu-async 1-13
2025-11-23 10:28:57,773 INFO o.a.j.t.JMeterThread: Thread started: use-cpu-async 1-14
2025-11-23 10:28:57,822 INFO o.a.j.t.JMeterThread: Thread started: use-cpu-async 1-15
2025-11-23 10:28:57,873 INFO o.a.j.t.JMeterThread: Thread started: use-cpu-async 1-16
2025-11-23 10:28:57,923 INFO o.a.j.t.JMeterThread: Thread started: use-cpu-async 1-17
2025-11-23 10:28:57,972 INFO o.a.j.t.JMeterThread: Thread started: use-cpu-async 1-18
2025-11-23 10:28:58,022 INFO o.a.j.t.JMeterThread: Thread started: use-cpu-async 1-19
2025-11-23 10:28:58,072 INFO o.a.j.t.JMeterThread: Thread started: use-cpu-async 1-20
2025-11-23 10:29:13,843 INFO o.a.j.t.JMeterThread: Thread is done: use-cpu-async 1-1
2025-11-23 10:29:13,845 INFO o.a.j.t.JMeterThread: Thread finished: use-cpu-async 1-1
2025-11-23 10:29:14,084 INFO o.a.j.t.JMeterThread: Thread is done: use-cpu-async 1-2
2025-11-23 10:29:14,084 INFO o.a.j.t.JMeterThread: Thread finished: use-cpu-async 1-2
2025-11-23 10:29:14,288 INFO o.a.j.t.JMeterThread: Thread is done: use-cpu-async 1-3
2025-11-23 10:29:14,288 INFO o.a.j.t.JMeterThread: Thread finished: use-cpu-async 1-3
2025-11-23 10:29:14,493 INFO o.a.j.t.JMeterThread: Thread is done: use-cpu-async 1-4
2025-11-23 10:29:14,494 INFO o.a.j.t.JMeterThread: Thread finished: use-cpu-async 1-4
2025-11-23 10:29:14,556 INFO o.a.j.t.JMeterThread: Thread is done: use-cpu-async 1-5
2025-11-23 10:29:14,556 INFO o.a.j.t.JMeterThread: Thread finished: use-cpu-async 1-5
2025-11-23 10:29:14,697 INFO o.a.j.t.JMeterThread: Thread is done: use-cpu-async 1-6
2025-11-23 10:29:14,697 INFO o.a.j.t.JMeterThread: Thread finished: use-cpu-async 1-6
2025-11-23 10:29:14,729 INFO o.a.j.t.JMeterThread: Thread is done: use-cpu-async 1-7
2025-11-23 10:29:14,729 INFO o.a.j.t.JMeterThread: Thread finished: use-cpu-async 1-7
2025-11-23 10:29:14,807 INFO o.a.j.t.JMeterThread: Thread is done: use-cpu-async 1-8
2025-11-23 10:29:14,807 INFO o.a.j.t.JMeterThread: Thread finished: use-cpu-async 1-8
2025-11-23 10:29:14,890 INFO o.a.j.t.JMeterThread: Thread is done: use-cpu-async 1-9
2025-11-23 10:29:14,891 INFO o.a.j.t.JMeterThread: Thread finished: use-cpu-async 1-9
2025-11-23 10:29:15,106 INFO o.a.j.t.JMeterThread: Thread is done: use-cpu-async 1-10
2025-11-23 10:29:15,106 INFO o.a.j.t.JMeterThread: Thread finished: use-cpu-async 1-10
2025-11-23 10:29:19,676 INFO o.a.j.t.JMeterThread: Thread is done: use-cpu-async 1-11
2025-11-23 10:29:19,676 INFO o.a.j.t.JMeterThread: Thread finished: use-cpu-async 1-11
2025-11-23 10:29:19,867 INFO o.a.j.t.JMeterThread: Thread is done: use-cpu-async 1-12
2025-11-23 10:29:19,867 INFO o.a.j.t.JMeterThread: Thread finished: use-cpu-async 1-12
2025-11-23 10:29:20,054 INFO o.a.j.t.JMeterThread: Thread is done: use-cpu-async 1-13
2025-11-23 10:29:20,054 INFO o.a.j.t.JMeterThread: Thread finished: use-cpu-async 1-13
2025-11-23 10:29:20,181 INFO o.a.j.t.JMeterThread: Thread is done: use-cpu-async 1-15
2025-11-23 10:29:20,181 INFO o.a.j.t.JMeterThread: Thread finished: use-cpu-async 1-15
2025-11-23 10:29:20,230 INFO o.a.j.t.JMeterThread: Thread is done: use-cpu-async 1-14
2025-11-23 10:29:20,230 INFO o.a.j.t.JMeterThread: Thread finished: use-cpu-async 1-14
2025-11-23 10:29:20,292 INFO o.a.j.t.JMeterThread: Thread is done: use-cpu-async 1-17
2025-11-23 10:29:20,292 INFO o.a.j.t.JMeterThread: Thread finished: use-cpu-async 1-17
2025-11-23 10:29:20,305 INFO o.a.j.t.JMeterThread: Thread is done: use-cpu-async 1-16
2025-11-23 10:29:20,305 INFO o.a.j.t.JMeterThread: Thread finished: use-cpu-async 1-16
2025-11-23 10:29:20,336 INFO o.a.j.t.JMeterThread: Thread is done: use-cpu-async 1-19
2025-11-23 10:29:20,336 INFO o.a.j.t.JMeterThread: Thread finished: use-cpu-async 1-19
2025-11-23 10:29:20,356 INFO o.a.j.t.JMeterThread: Thread is done: use-cpu-async 1-18
2025-11-23 10:29:20,356 INFO o.a.j.t.JMeterThread: Thread finished: use-cpu-async 1-18
2025-11-23 10:29:20,366 INFO o.a.j.t.JMeterThread: Thread is done: use-cpu-async 1-20
2025-11-23 10:29:20,366 INFO o.a.j.t.JMeterThread: Thread finished: use-cpu-async 1-20
2025-11-23 10:29:20,366 INFO o.a.j.e.StandardJMeterEngine: Notifying test listeners of end of test
2025-11-23 10:29:20,366 INFO o.a.j.g.u.JMeterMenuBar: setRunning(false, *local*)
2025-11-23 10:31:39,017 INFO o.a.j.e.StandardJMeterEngine: Running the test!
2025-11-23 10:31:39,018 INFO o.a.j.s.SampleEvent: List of sample_variables: []
2025-11-23 10:31:39,018 INFO o.a.j.g.u.JMeterMenuBar: setRunning(true, *local*)
2025-11-23 10:31:39,069 INFO o.a.j.e.StandardJMeterEngine: Starting ThreadGroup: 1 : use-cpu-async
2025-11-23 10:31:39,069 INFO o.a.j.e.StandardJMeterEngine: Starting 20 threads for group use-cpu-async.
2025-11-23 10:31:39,069 INFO o.a.j.e.StandardJMeterEngine: Thread will continue on error
2025-11-23 10:31:39,069 INFO o.a.j.t.ThreadGroup: Starting thread group... number=1 threads=20 ramp-up=1 delayedStart=false
2025-11-23 10:31:39,070 INFO o.a.j.t.JMeterThread: Thread started: use-cpu-async 1-1
2025-11-23 10:31:39,071 INFO o.a.j.t.ThreadGroup: Started thread group number 1
2025-11-23 10:31:39,071 INFO o.a.j.e.StandardJMeterEngine: All thread groups have been started
2025-11-23 10:31:39,121 INFO o.a.j.t.JMeterThread: Thread started: use-cpu-async 1-2
2025-11-23 10:31:39,172 INFO o.a.j.t.JMeterThread: Thread started: use-cpu-async 1-3
2025-11-23 10:31:39,220 INFO o.a.j.t.JMeterThread: Thread started: use-cpu-async 1-4
2025-11-23 10:31:39,270 INFO o.a.j.t.JMeterThread: Thread started: use-cpu-async 1-5
2025-11-23 10:31:39,321 INFO o.a.j.t.JMeterThread: Thread started: use-cpu-async 1-6
2025-11-23 10:31:39,370 INFO o.a.j.t.JMeterThread: Thread started: use-cpu-async 1-7
2025-11-23 10:31:39,421 INFO o.a.j.t.JMeterThread: Thread started: use-cpu-async 1-8
2025-11-23 10:31:39,472 INFO o.a.j.t.JMeterThread: Thread started: use-cpu-async 1-9
2025-11-23 10:31:39,520 INFO o.a.j.t.JMeterThread: Thread started: use-cpu-async 1-10
2025-11-23 10:31:39,572 INFO o.a.j.t.JMeterThread: Thread started: use-cpu-async 1-11
2025-11-23 10:31:39,620 INFO o.a.j.t.JMeterThread: Thread started: use-cpu-async 1-12
2025-11-23 10:31:39,669 INFO o.a.j.t.JMeterThread: Thread started: use-cpu-async 1-13
2025-11-23 10:31:39,723 INFO o.a.j.t.JMeterThread: Thread started: use-cpu-async 1-14
2025-11-23 10:31:39,772 INFO o.a.j.t.JMeterThread: Thread started: use-cpu-async 1-15
2025-11-23 10:31:39,819 INFO o.a.j.t.JMeterThread: Thread started: use-cpu-async 1-16
2025-11-23 10:31:39,869 INFO o.a.j.t.JMeterThread: Thread started: use-cpu-async 1-17
2025-11-23 10:31:39,919 INFO o.a.j.t.JMeterThread: Thread started: use-cpu-async 1-18
2025-11-23 10:31:39,969 INFO o.a.j.t.JMeterThread: Thread started: use-cpu-async 1-19
2025-11-23 10:31:40,023 INFO o.a.j.t.JMeterThread: Thread started: use-cpu-async 1-20
2025-11-23 10:31:55,648 INFO o.a.j.t.JMeterThread: Thread is done: use-cpu-async 1-1
2025-11-23 10:31:55,649 INFO o.a.j.t.JMeterThread: Thread finished: use-cpu-async 1-1
2025-11-23 10:31:56,177 INFO o.a.j.t.JMeterThread: Thread is done: use-cpu-async 1-2
2025-11-23 10:31:56,177 INFO o.a.j.t.JMeterThread: Thread finished: use-cpu-async 1-2
2025-11-23 10:31:56,420 INFO o.a.j.t.JMeterThread: Thread is done: use-cpu-async 1-3
2025-11-23 10:31:56,420 INFO o.a.j.t.JMeterThread: Thread finished: use-cpu-async 1-3
2025-11-23 10:31:56,709 INFO o.a.j.t.JMeterThread: Thread is done: use-cpu-async 1-4
2025-11-23 10:31:56,709 INFO o.a.j.t.JMeterThread: Thread finished: use-cpu-async 1-4
2025-11-23 10:31:56,778 INFO o.a.j.t.JMeterThread: Thread is done: use-cpu-async 1-5
2025-11-23 10:31:56,778 INFO o.a.j.t.JMeterThread: Thread finished: use-cpu-async 1-5
2025-11-23 10:31:56,856 INFO o.a.j.t.JMeterThread: Thread is done: use-cpu-async 1-6
2025-11-23 10:31:56,856 INFO o.a.j.t.JMeterThread: Thread finished: use-cpu-async 1-6
2025-11-23 10:31:56,912 INFO o.a.j.t.JMeterThread: Thread is done: use-cpu-async 1-7
2025-11-23 10:31:56,912 INFO o.a.j.t.JMeterThread: Thread finished: use-cpu-async 1-7
2025-11-23 10:31:56,958 INFO o.a.j.t.JMeterThread: Thread is done: use-cpu-async 1-8
2025-11-23 10:31:56,958 INFO o.a.j.t.JMeterThread: Thread finished: use-cpu-async 1-8
2025-11-23 10:31:57,081 INFO o.a.j.t.JMeterThread: Thread is done: use-cpu-async 1-9
2025-11-23 10:31:57,081 INFO o.a.j.t.JMeterThread: Thread finished: use-cpu-async 1-9
2025-11-23 10:31:57,295 INFO o.a.j.t.JMeterThread: Thread is done: use-cpu-async 1-10
2025-11-23 10:31:57,295 INFO o.a.j.t.JMeterThread: Thread finished: use-cpu-async 1-10
2025-11-23 10:32:01,451 INFO o.a.j.t.JMeterThread: Thread is done: use-cpu-async 1-11
2025-11-23 10:32:01,452 INFO o.a.j.t.JMeterThread: Thread finished: use-cpu-async 1-11
2025-11-23 10:32:01,975 INFO o.a.j.t.JMeterThread: Thread is done: use-cpu-async 1-12
2025-11-23 10:32:01,975 INFO o.a.j.t.JMeterThread: Thread finished: use-cpu-async 1-12
2025-11-23 10:32:02,125 INFO o.a.j.t.JMeterThread: Thread is done: use-cpu-async 1-13
2025-11-23 10:32:02,125 INFO o.a.j.t.JMeterThread: Thread finished: use-cpu-async 1-13
2025-11-23 10:32:02,321 INFO o.a.j.t.JMeterThread: Thread is done: use-cpu-async 1-14
2025-11-23 10:32:02,322 INFO o.a.j.t.JMeterThread: Thread finished: use-cpu-async 1-14
2025-11-23 10:32:02,411 INFO o.a.j.t.JMeterThread: Thread is done: use-cpu-async 1-15
2025-11-23 10:32:02,411 INFO o.a.j.t.JMeterThread: Thread finished: use-cpu-async 1-15
2025-11-23 10:32:02,418 INFO o.a.j.t.JMeterThread: Thread is done: use-cpu-async 1-16
2025-11-23 10:32:02,418 INFO o.a.j.t.JMeterThread: Thread finished: use-cpu-async 1-16
2025-11-23 10:32:02,457 INFO o.a.j.t.JMeterThread: Thread is done: use-cpu-async 1-18
2025-11-23 10:32:02,457 INFO o.a.j.t.JMeterThread: Thread finished: use-cpu-async 1-18
2025-11-23 10:32:02,468 INFO o.a.j.t.JMeterThread: Thread is done: use-cpu-async 1-17
2025-11-23 10:32:02,468 INFO o.a.j.t.JMeterThread: Thread finished: use-cpu-async 1-17
2025-11-23 10:32:02,497 INFO o.a.j.t.JMeterThread: Thread is done: use-cpu-async 1-19
2025-11-23 10:32:02,497 INFO o.a.j.t.JMeterThread: Thread finished: use-cpu-async 1-19
2025-11-23 10:32:02,508 INFO o.a.j.t.JMeterThread: Thread is done: use-cpu-async 1-20
2025-11-23 10:32:02,508 INFO o.a.j.t.JMeterThread: Thread finished: use-cpu-async 1-20
2025-11-23 10:32:02,508 INFO o.a.j.e.StandardJMeterEngine: Notifying test listeners of end of test
2025-11-23 10:32:02,509 INFO o.a.j.g.u.JMeterMenuBar: setRunning(false, *local*)
2025-11-23 10:32:03,944 INFO o.a.j.e.StandardJMeterEngine: Running the test!
2025-11-23 10:32:03,944 INFO o.a.j.s.SampleEvent: List of sample_variables: []
2025-11-23 10:32:03,945 INFO o.a.j.g.u.JMeterMenuBar: setRunning(true, *local*)
2025-11-23 10:32:03,999 INFO o.a.j.e.StandardJMeterEngine: Starting ThreadGroup: 1 : use-cpu-async
2025-11-23 10:32:03,999 INFO o.a.j.e.StandardJMeterEngine: Starting 20 threads for group use-cpu-async.
2025-11-23 10:32:03,999 INFO o.a.j.e.StandardJMeterEngine: Thread will continue on error
2025-11-23 10:32:03,999 INFO o.a.j.t.ThreadGroup: Starting thread group... number=1 threads=20 ramp-up=1 delayedStart=false
2025-11-23 10:32:04,000 INFO o.a.j.t.JMeterThread: Thread started: use-cpu-async 1-1
2025-11-23 10:32:04,002 INFO o.a.j.t.ThreadGroup: Started thread group number 1
2025-11-23 10:32:04,002 INFO o.a.j.e.StandardJMeterEngine: All thread groups have been started
2025-11-23 10:32:04,049 INFO o.a.j.t.JMeterThread: Thread started: use-cpu-async 1-2
2025-11-23 10:32:04,099 INFO o.a.j.t.JMeterThread: Thread started: use-cpu-async 1-3
2025-11-23 10:32:04,150 INFO o.a.j.t.JMeterThread: Thread started: use-cpu-async 1-4
2025-11-23 10:32:04,201 INFO o.a.j.t.JMeterThread: Thread started: use-cpu-async 1-5
2025-11-23 10:32:04,249 INFO o.a.j.t.JMeterThread: Thread started: use-cpu-async 1-6
2025-11-23 10:32:04,301 INFO o.a.j.t.JMeterThread: Thread started: use-cpu-async 1-7
2025-11-23 10:32:04,352 INFO o.a.j.t.JMeterThread: Thread started: use-cpu-async 1-8
2025-11-23 10:32:04,400 INFO o.a.j.t.JMeterThread: Thread started: use-cpu-async 1-9
2025-11-23 10:32:04,454 INFO o.a.j.t.JMeterThread: Thread started: use-cpu-async 1-10
2025-11-23 10:32:04,501 INFO o.a.j.t.JMeterThread: Thread started: use-cpu-async 1-11
2025-11-23 10:32:04,549 INFO o.a.j.t.JMeterThread: Thread started: use-cpu-async 1-12
2025-11-23 10:32:04,601 INFO o.a.j.t.JMeterThread: Thread started: use-cpu-async 1-13
2025-11-23 10:32:04,650 INFO o.a.j.t.JMeterThread: Thread started: use-cpu-async 1-14
2025-11-23 10:32:04,704 INFO o.a.j.t.JMeterThread: Thread started: use-cpu-async 1-15
2025-11-23 10:32:04,753 INFO o.a.j.t.JMeterThread: Thread started: use-cpu-async 1-16
2025-11-23 10:32:04,802 INFO o.a.j.t.JMeterThread: Thread started: use-cpu-async 1-17
2025-11-23 10:32:04,851 INFO o.a.j.t.JMeterThread: Thread started: use-cpu-async 1-18
2025-11-23 10:32:04,905 INFO o.a.j.t.JMeterThread: Thread started: use-cpu-async 1-19
2025-11-23 10:32:04,950 INFO o.a.j.t.JMeterThread: Thread started: use-cpu-async 1-20
2025-11-23 10:36:01,000 INFO o.a.j.t.JMeterThread: Thread is done: use-cpu-async 1-2
2025-11-23 10:36:01,001 INFO o.a.j.t.JMeterThread: Thread finished: use-cpu-async 1-2
2025-11-23 10:36:02,023 INFO o.a.j.t.JMeterThread: Thread is done: use-cpu-async 1-3
2025-11-23 10:36:02,024 INFO o.a.j.t.JMeterThread: Thread finished: use-cpu-async 1-3
2025-11-23 10:36:02,025 INFO o.a.j.t.JMeterThread: Thread is done: use-cpu-async 1-7
2025-11-23 10:36:02,025 INFO o.a.j.t.JMeterThread: Thread finished: use-cpu-async 1-7
2025-11-23 10:36:02,157 INFO o.a.j.t.JMeterThread: Thread is done: use-cpu-async 1-1
2025-11-23 10:36:02,157 INFO o.a.j.t.JMeterThread: Thread finished: use-cpu-async 1-1
2025-11-23 10:36:02,357 INFO o.a.j.t.JMeterThread: Thread is done: use-cpu-async 1-4
2025-11-23 10:36:02,357 INFO o.a.j.t.JMeterThread: Thread finished: use-cpu-async 1-4
2025-11-23 10:36:02,490 INFO o.a.j.t.JMeterThread: Thread is done: use-cpu-async 1-8
2025-11-23 10:36:02,490 INFO o.a.j.t.JMeterThread: Thread finished: use-cpu-async 1-8
2025-11-23 10:36:02,737 INFO o.a.j.t.JMeterThread: Thread is done: use-cpu-async 1-6
2025-11-23 10:36:02,737 INFO o.a.j.t.JMeterThread: Thread finished: use-cpu-async 1-6
2025-11-23 10:36:03,163 INFO o.a.j.t.JMeterThread: Thread is done: use-cpu-async 1-5
2025-11-23 10:36:03,164 INFO o.a.j.t.JMeterThread: Thread finished: use-cpu-async 1-5
2025-11-23 10:36:04,355 INFO o.a.j.t.JMeterThread: Thread is done: use-cpu-async 1-9
2025-11-23 10:36:04,356 INFO o.a.j.t.JMeterThread: Thread finished: use-cpu-async 1-9
2025-11-23 10:36:06,815 INFO o.a.j.t.JMeterThread: Thread is done: use-cpu-async 1-10
2025-11-23 10:36:06,815 INFO o.a.j.t.JMeterThread: Thread finished: use-cpu-async 1-10
2025-11-23 10:36:09,487 INFO o.a.j.t.JMeterThread: Thread is done: use-cpu-async 1-11
2025-11-23 10:36:09,487 INFO o.a.j.t.JMeterThread: Thread finished: use-cpu-async 1-11
2025-11-23 10:36:10,436 INFO o.a.j.t.JMeterThread: Thread is done: use-cpu-async 1-12
2025-11-23 10:36:10,436 INFO o.a.j.t.JMeterThread: Thread finished: use-cpu-async 1-12
2025-11-23 10:36:10,444 INFO o.a.j.t.JMeterThread: Thread is done: use-cpu-async 1-14
2025-11-23 10:36:10,444 INFO o.a.j.t.JMeterThread: Thread finished: use-cpu-async 1-14
2025-11-23 10:36:10,620 INFO o.a.j.t.JMeterThread: Thread is done: use-cpu-async 1-15
2025-11-23 10:36:10,620 INFO o.a.j.t.JMeterThread: Thread finished: use-cpu-async 1-15
2025-11-23 10:36:10,691 INFO o.a.j.t.JMeterThread: Thread is done: use-cpu-async 1-13
2025-11-23 10:36:10,691 INFO o.a.j.t.JMeterThread: Thread finished: use-cpu-async 1-13
2025-11-23 10:36:10,764 INFO o.a.j.t.JMeterThread: Thread is done: use-cpu-async 1-17
2025-11-23 10:36:10,764 INFO o.a.j.t.JMeterThread: Thread finished: use-cpu-async 1-17
2025-11-23 10:36:10,874 INFO o.a.j.t.JMeterThread: Thread is done: use-cpu-async 1-16
2025-11-23 10:36:10,874 INFO o.a.j.t.JMeterThread: Thread finished: use-cpu-async 1-16
2025-11-23 10:36:11,020 INFO o.a.j.t.JMeterThread: Thread is done: use-cpu-async 1-18
2025-11-23 10:36:11,020 INFO o.a.j.t.JMeterThread: Thread finished: use-cpu-async 1-18
2025-11-23 10:36:11,258 INFO o.a.j.t.JMeterThread: Thread is done: use-cpu-async 1-19
2025-11-23 10:36:11,258 INFO o.a.j.t.JMeterThread: Thread finished: use-cpu-async 1-19
2025-11-23 10:36:11,492 INFO o.a.j.t.JMeterThread: Thread is done: use-cpu-async 1-20
2025-11-23 10:36:11,492 INFO o.a.j.t.JMeterThread: Thread finished: use-cpu-async 1-20
2025-11-23 10:36:11,492 INFO o.a.j.e.StandardJMeterEngine: Notifying test listeners of end of test
2025-11-23 10:36:11,493 INFO o.a.j.g.u.JMeterMenuBar: setRunning(false, *local*)
